[2025-04-17T14:06:43.096+0000] {taskinstance.py:1083} INFO - Dependencies all met for <TaskInstance: baseball_hitter_scraping.install_playwright manual__2025-04-17T14:06:41.118024+00:00 [queued]>
[2025-04-17T14:06:43.103+0000] {taskinstance.py:1083} INFO - Dependencies all met for <TaskInstance: baseball_hitter_scraping.install_playwright manual__2025-04-17T14:06:41.118024+00:00 [queued]>
[2025-04-17T14:06:43.103+0000] {taskinstance.py:1279} INFO - 
--------------------------------------------------------------------------------
[2025-04-17T14:06:43.103+0000] {taskinstance.py:1280} INFO - Starting attempt 1 of 4
[2025-04-17T14:06:43.104+0000] {taskinstance.py:1281} INFO - 
--------------------------------------------------------------------------------
[2025-04-17T14:06:43.110+0000] {taskinstance.py:1300} INFO - Executing <Task(PythonOperator): install_playwright> on 2025-04-17 14:06:41.118024+00:00
[2025-04-17T14:06:43.112+0000] {standard_task_runner.py:55} INFO - Started process 1024 to run task
[2025-04-17T14:06:43.115+0000] {standard_task_runner.py:82} INFO - Running: ['***', 'tasks', 'run', 'baseball_hitter_scraping', 'install_playwright', 'manual__2025-04-17T14:06:41.118024+00:00', '--job-id', '4', '--raw', '--subdir', 'DAGS_FOLDER/hitter.py', '--cfg-path', '/tmp/tmpn5qr95ln']
[2025-04-17T14:06:43.115+0000] {standard_task_runner.py:83} INFO - Job 4: Subtask install_playwright
[2025-04-17T14:06:43.142+0000] {task_command.py:388} INFO - Running <TaskInstance: baseball_hitter_scraping.install_playwright manual__2025-04-17T14:06:41.118024+00:00 [running]> on host d8e5b077da40
[2025-04-17T14:06:43.176+0000] {taskinstance.py:1507} INFO - Exporting the following env vars:
AIRFLOW_CTX_DAG_OWNER=***
AIRFLOW_CTX_DAG_ID=baseball_hitter_scraping
AIRFLOW_CTX_TASK_ID=install_playwright
AIRFLOW_CTX_EXECUTION_DATE=2025-04-17T14:06:41.118024+00:00
AIRFLOW_CTX_TRY_NUMBER=1
AIRFLOW_CTX_DAG_RUN_ID=manual__2025-04-17T14:06:41.118024+00:00
[2025-04-17T14:06:43.177+0000] {hitter.py:373} INFO - Playwright가 이미 설치되어 있습니다.
[2025-04-17T14:06:43.177+0000] {hitter.py:380} INFO - Playwright 브라우저 설치 중...
[2025-04-17T14:06:43.456+0000] {hitter.py:382} INFO - Playwright 브라우저 설치 완료
[2025-04-17T14:06:43.457+0000] {python.py:177} INFO - Done. Returned value was: None
[2025-04-17T14:06:43.462+0000] {taskinstance.py:1318} INFO - Marking task as SUCCESS. dag_id=baseball_hitter_scraping, task_id=install_playwright, execution_date=20250417T140641, start_date=20250417T140643, end_date=20250417T140643
[2025-04-17T14:06:43.502+0000] {local_task_job.py:208} INFO - Task exited with return code 0
[2025-04-17T14:06:43.517+0000] {taskinstance.py:2578} INFO - 5 downstream tasks scheduled from follow-on schedule check
