[2025-04-17T14:06:44.193+0000] {taskinstance.py:1083} INFO - Dependencies all met for <TaskInstance: baseball_hitter_scraping.scrape_players_80001_to_90000 manual__2025-04-17T14:06:41.118024+00:00 [queued]>
[2025-04-17T14:06:44.200+0000] {taskinstance.py:1083} INFO - Dependencies all met for <TaskInstance: baseball_hitter_scraping.scrape_players_80001_to_90000 manual__2025-04-17T14:06:41.118024+00:00 [queued]>
[2025-04-17T14:06:44.200+0000] {taskinstance.py:1279} INFO - 
--------------------------------------------------------------------------------
[2025-04-17T14:06:44.200+0000] {taskinstance.py:1280} INFO - Starting attempt 1 of 4
[2025-04-17T14:06:44.201+0000] {taskinstance.py:1281} INFO - 
--------------------------------------------------------------------------------
[2025-04-17T14:06:44.209+0000] {taskinstance.py:1300} INFO - Executing <Task(PythonOperator): scrape_players_80001_to_90000> on 2025-04-17 14:06:41.118024+00:00
[2025-04-17T14:06:44.213+0000] {standard_task_runner.py:55} INFO - Started process 1045 to run task
[2025-04-17T14:06:44.216+0000] {standard_task_runner.py:82} INFO - Running: ['***', 'tasks', 'run', 'baseball_hitter_scraping', 'scrape_players_80001_to_90000', 'manual__2025-04-17T14:06:41.118024+00:00', '--job-id', '8', '--raw', '--subdir', 'DAGS_FOLDER/hitter.py', '--cfg-path', '/tmp/tmpesrh_x4o']
[2025-04-17T14:06:44.216+0000] {standard_task_runner.py:83} INFO - Job 8: Subtask scrape_players_80001_to_90000
[2025-04-17T14:06:44.250+0000] {task_command.py:388} INFO - Running <TaskInstance: baseball_hitter_scraping.scrape_players_80001_to_90000 manual__2025-04-17T14:06:41.118024+00:00 [running]> on host d8e5b077da40
[2025-04-17T14:06:44.287+0000] {taskinstance.py:1507} INFO - Exporting the following env vars:
AIRFLOW_CTX_DAG_OWNER=***
AIRFLOW_CTX_DAG_ID=baseball_hitter_scraping
AIRFLOW_CTX_TASK_ID=scrape_players_80001_to_90000
AIRFLOW_CTX_EXECUTION_DATE=2025-04-17T14:06:41.118024+00:00
AIRFLOW_CTX_TRY_NUMBER=1
AIRFLOW_CTX_DAG_RUN_ID=manual__2025-04-17T14:06:41.118024+00:00
[2025-04-17T14:10:31.727+0000] {hitter.py:199} WARNING - 페이지 로드 실패 (재시도 1/3): https://www.koreabaseball.com/Record/Player/HitterDetail/Basic.aspx?playerId=80600, 오류: Page.goto: Timeout 30000ms exceeded.
Call log:
  - navigating to "https://www.koreabaseball.com/Record/Player/HitterDetail/Basic.aspx?playerId=80600", waiting until "load"

[2025-04-17T14:11:39.587+0000] {hitter.py:199} WARNING - 페이지 로드 실패 (재시도 1/3): https://www.koreabaseball.com/Record/Player/HitterDetail/Basic.aspx?playerId=80745, 오류: Page.goto: Timeout 30000ms exceeded.
Call log:
  - navigating to "https://www.koreabaseball.com/Record/Player/HitterDetail/Basic.aspx?playerId=80745", waiting until "load"

[2025-04-17T14:12:51.290+0000] {hitter.py:199} WARNING - 페이지 로드 실패 (재시도 1/3): https://www.koreabaseball.com/Record/Player/HitterDetail/Basic.aspx?playerId=80917, 오류: Page.goto: Timeout 30000ms exceeded.
Call log:
  - navigating to "https://www.koreabaseball.com/Record/Player/HitterDetail/Basic.aspx?playerId=80917", waiting until "load"

[2025-04-17T14:14:11.690+0000] {hitter.py:199} WARNING - 페이지 로드 실패 (재시도 1/3): https://www.koreabaseball.com/Record/Player/HitterDetail/Basic.aspx?playerId=81145, 오류: Page.goto: Timeout 30000ms exceeded.
Call log:
  - navigating to "https://www.koreabaseball.com/Record/Player/HitterDetail/Basic.aspx?playerId=81145", waiting until "load"

[2025-04-17T14:15:20.731+0000] {hitter.py:199} WARNING - 페이지 로드 실패 (재시도 1/3): https://www.koreabaseball.com/Record/Player/HitterDetail/Basic.aspx?playerId=81333, 오류: Page.goto: Timeout 30000ms exceeded.
Call log:
  - navigating to "https://www.koreabaseball.com/Record/Player/HitterDetail/Basic.aspx?playerId=81333", waiting until "load"

[2025-04-17T14:16:44.155+0000] {hitter.py:199} WARNING - 페이지 로드 실패 (재시도 1/3): https://www.koreabaseball.com/Record/Player/HitterDetail/Basic.aspx?playerId=81576, 오류: Page.goto: Timeout 30000ms exceeded.
Call log:
  - navigating to "https://www.koreabaseball.com/Record/Player/HitterDetail/Basic.aspx?playerId=81576", waiting until "load"

[2025-04-17T14:18:41.222+0000] {hitter.py:199} WARNING - 페이지 로드 실패 (재시도 1/3): https://www.koreabaseball.com/Record/Player/HitterDetail/Basic.aspx?playerId=81674, 오류: Page.goto: Timeout 30000ms exceeded.
Call log:
  - navigating to "https://www.koreabaseball.com/Record/Player/HitterDetail/Basic.aspx?playerId=81674", waiting until "load"

[2025-04-17T14:19:28.990+0000] {hitter.py:199} WARNING - 페이지 로드 실패 (재시도 1/3): https://www.koreabaseball.com/Record/Player/HitterDetail/Basic.aspx?playerId=81777, 오류: Page.goto: Timeout 30000ms exceeded.
Call log:
  - navigating to "https://www.koreabaseball.com/Record/Player/HitterDetail/Basic.aspx?playerId=81777", waiting until "load"

[2025-04-17T14:21:17.639+0000] {hitter.py:199} WARNING - 페이지 로드 실패 (재시도 1/3): https://www.koreabaseball.com/Record/Player/HitterDetail/Basic.aspx?playerId=81994, 오류: Page.goto: Timeout 30000ms exceeded.
Call log:
  - navigating to "https://www.koreabaseball.com/Record/Player/HitterDetail/Basic.aspx?playerId=81994", waiting until "load"

[2025-04-17T14:24:14.308+0000] {hitter.py:199} WARNING - 페이지 로드 실패 (재시도 1/3): https://www.koreabaseball.com/Record/Player/HitterDetail/Basic.aspx?playerId=82408, 오류: Page.goto: Timeout 30000ms exceeded.
Call log:
  - navigating to "https://www.koreabaseball.com/Record/Player/HitterDetail/Basic.aspx?playerId=82408", waiting until "load"

[2025-04-17T14:25:30.292+0000] {hitter.py:199} WARNING - 페이지 로드 실패 (재시도 1/3): https://www.koreabaseball.com/Record/Player/HitterDetail/Basic.aspx?playerId=82562, 오류: Page.goto: Timeout 30000ms exceeded.
Call log:
  - navigating to "https://www.koreabaseball.com/Record/Player/HitterDetail/Basic.aspx?playerId=82562", waiting until "load"

[2025-04-17T14:26:11.371+0000] {hitter.py:199} WARNING - 페이지 로드 실패 (재시도 1/3): https://www.koreabaseball.com/Record/Player/HitterDetail/Basic.aspx?playerId=82615, 오류: Page.goto: Timeout 30000ms exceeded.
Call log:
  - navigating to "https://www.koreabaseball.com/Record/Player/HitterDetail/Basic.aspx?playerId=82615", waiting until "load"

[2025-04-17T14:36:39.500+0000] {hitter.py:199} WARNING - 페이지 로드 실패 (재시도 1/3): https://www.koreabaseball.com/Record/Player/HitterDetail/Basic.aspx?playerId=83099, 오류: Page.goto: Timeout 30000ms exceeded.
Call log:
  - navigating to "https://www.koreabaseball.com/Record/Player/HitterDetail/Basic.aspx?playerId=83099", waiting until "load"

[2025-04-17T14:36:40.696+0000] {local_task_job.py:272} WARNING - State of this instance has been externally set to up_for_retry. Terminating instance.
[2025-04-17T14:36:40.698+0000] {process_utils.py:129} INFO - Sending Signals.SIGTERM to group 1045. PIDs of all processes in the group: [1133, 1153, 1155, 1156, 1173, 1201, 1172, 1045]
[2025-04-17T14:36:40.698+0000] {process_utils.py:84} INFO - Sending the signal Signals.SIGTERM to group 1045
[2025-04-17T14:36:40.698+0000] {taskinstance.py:1479} ERROR - Received SIGTERM. Terminating subprocesses.
[2025-04-17T14:36:40.704+0000] {taskinstance.py:1768} ERROR - Task failed with exception
Traceback (most recent call last):
  File "/home/airflow/.local/lib/python3.10/site-packages/airflow/operators/python.py", line 175, in execute
    return_value = self.execute_callable()
  File "/home/airflow/.local/lib/python3.10/site-packages/airflow/operators/python.py", line 192, in execute_callable
    return self.python_callable(*self.op_args, **self.op_kwargs)
  File "/opt/airflow/dags/hitter.py", line 407, in scrape_player_range
    loop.run_until_complete(scraper.run(start_id=start_id, end_id=end_id))
  File "/usr/local/lib/python3.10/asyncio/base_events.py", line 636, in run_until_complete
    self.run_forever()
  File "/usr/local/lib/python3.10/asyncio/base_events.py", line 603, in run_forever
    self._run_once()
  File "/usr/local/lib/python3.10/asyncio/base_events.py", line 1868, in _run_once
    event_list = self._selector.select(timeout)
  File "/usr/local/lib/python3.10/selectors.py", line 469, in select
    fd_event_list = self._selector.poll(timeout, max_ev)
  File "/home/airflow/.local/lib/python3.10/site-packages/airflow/models/taskinstance.py", line 1481, in signal_handler
    raise AirflowException("Task received SIGTERM signal")
airflow.exceptions.AirflowException: Task received SIGTERM signal
[2025-04-17T14:36:40.707+0000] {taskinstance.py:1318} INFO - Marking task as UP_FOR_RETRY. dag_id=baseball_hitter_scraping, task_id=scrape_players_80001_to_90000, execution_date=20250417T140641, start_date=20250417T140644, end_date=20250417T143640
[2025-04-17T14:36:40.714+0000] {standard_task_runner.py:100} ERROR - Failed to execute job 8 for task scrape_players_80001_to_90000 (Task received SIGTERM signal; 1045)
[2025-04-17T14:36:40.757+0000] {process_utils.py:79} INFO - Process psutil.Process(pid=1153, status='terminated', started='14:06:48') (1153) terminated with exit code None
[2025-04-17T14:36:40.757+0000] {process_utils.py:79} INFO - Process psutil.Process(pid=1045, status='terminated', exitcode=1, started='14:06:43') (1045) terminated with exit code 1
[2025-04-17T14:36:40.757+0000] {process_utils.py:79} INFO - Process psutil.Process(pid=1155, status='terminated', started='14:06:48') (1155) terminated with exit code None
[2025-04-17T14:36:40.758+0000] {process_utils.py:79} INFO - Process psutil.Process(pid=1172, status='terminated', started='14:06:48') (1172) terminated with exit code None
[2025-04-17T14:36:40.758+0000] {process_utils.py:79} INFO - Process psutil.Process(pid=1156, status='terminated', started='14:06:48') (1156) terminated with exit code None
[2025-04-17T14:36:40.758+0000] {process_utils.py:79} INFO - Process psutil.Process(pid=1173, status='terminated', started='14:06:48') (1173) terminated with exit code None
[2025-04-17T14:36:40.758+0000] {process_utils.py:79} INFO - Process psutil.Process(pid=1201, status='terminated', started='14:06:48') (1201) terminated with exit code None
[2025-04-17T14:36:40.758+0000] {process_utils.py:79} INFO - Process psutil.Process(pid=1133, status='terminated', started='14:06:48') (1133) terminated with exit code None
