[2025-04-17T14:06:43.891+0000] {taskinstance.py:1083} INFO - Dependencies all met for <TaskInstance: baseball_hitter_scraping.scrape_players_60001_to_70000 manual__2025-04-17T14:06:41.118024+00:00 [queued]>
[2025-04-17T14:06:43.897+0000] {taskinstance.py:1083} INFO - Dependencies all met for <TaskInstance: baseball_hitter_scraping.scrape_players_60001_to_70000 manual__2025-04-17T14:06:41.118024+00:00 [queued]>
[2025-04-17T14:06:43.898+0000] {taskinstance.py:1279} INFO - 
--------------------------------------------------------------------------------
[2025-04-17T14:06:43.898+0000] {taskinstance.py:1280} INFO - Starting attempt 1 of 4
[2025-04-17T14:06:43.898+0000] {taskinstance.py:1281} INFO - 
--------------------------------------------------------------------------------
[2025-04-17T14:06:43.905+0000] {taskinstance.py:1300} INFO - Executing <Task(PythonOperator): scrape_players_60001_to_70000> on 2025-04-17 14:06:41.118024+00:00
[2025-04-17T14:06:43.908+0000] {standard_task_runner.py:55} INFO - Started process 1042 to run task
[2025-04-17T14:06:43.910+0000] {standard_task_runner.py:82} INFO - Running: ['***', 'tasks', 'run', 'baseball_hitter_scraping', 'scrape_players_60001_to_70000', 'manual__2025-04-17T14:06:41.118024+00:00', '--job-id', '5', '--raw', '--subdir', 'DAGS_FOLDER/hitter.py', '--cfg-path', '/tmp/tmpzpise7zv']
[2025-04-17T14:06:43.911+0000] {standard_task_runner.py:83} INFO - Job 5: Subtask scrape_players_60001_to_70000
[2025-04-17T14:06:43.944+0000] {task_command.py:388} INFO - Running <TaskInstance: baseball_hitter_scraping.scrape_players_60001_to_70000 manual__2025-04-17T14:06:41.118024+00:00 [running]> on host d8e5b077da40
[2025-04-17T14:06:43.977+0000] {taskinstance.py:1507} INFO - Exporting the following env vars:
AIRFLOW_CTX_DAG_OWNER=***
AIRFLOW_CTX_DAG_ID=baseball_hitter_scraping
AIRFLOW_CTX_TASK_ID=scrape_players_60001_to_70000
AIRFLOW_CTX_EXECUTION_DATE=2025-04-17T14:06:41.118024+00:00
AIRFLOW_CTX_TRY_NUMBER=1
AIRFLOW_CTX_DAG_RUN_ID=manual__2025-04-17T14:06:41.118024+00:00
[2025-04-17T14:10:49.031+0000] {hitter.py:199} WARNING - 페이지 로드 실패 (재시도 1/3): https://www.koreabaseball.com/Record/Player/HitterDetail/Basic.aspx?playerId=60649, 오류: Page.goto: Timeout 30000ms exceeded.
Call log:
  - navigating to "https://www.koreabaseball.com/Record/Player/HitterDetail/Basic.aspx?playerId=60649", waiting until "load"

[2025-04-17T14:12:49.754+0000] {hitter.py:199} WARNING - 페이지 로드 실패 (재시도 1/3): https://www.koreabaseball.com/Record/Player/HitterDetail/Basic.aspx?playerId=60939, 오류: Page.goto: Timeout 30000ms exceeded.
Call log:
  - navigating to "https://www.koreabaseball.com/Record/Player/HitterDetail/Basic.aspx?playerId=60939", waiting until "load"

[2025-04-17T14:14:08.577+0000] {hitter.py:199} WARNING - 페이지 로드 실패 (재시도 1/3): https://www.koreabaseball.com/Record/Player/HitterDetail/Basic.aspx?playerId=61120, 오류: Page.goto: Timeout 30000ms exceeded.
Call log:
  - navigating to "https://www.koreabaseball.com/Record/Player/HitterDetail/Basic.aspx?playerId=61120", waiting until "load"

[2025-04-17T14:15:19.595+0000] {hitter.py:199} WARNING - 페이지 로드 실패 (재시도 1/3): https://www.koreabaseball.com/Record/Player/HitterDetail/Basic.aspx?playerId=61304, 오류: Page.goto: Timeout 30000ms exceeded.
Call log:
  - navigating to "https://www.koreabaseball.com/Record/Player/HitterDetail/Basic.aspx?playerId=61304", waiting until "load"

[2025-04-17T14:17:35.562+0000] {hitter.py:199} WARNING - 페이지 로드 실패 (재시도 1/3): https://www.koreabaseball.com/Record/Player/HitterDetail/Basic.aspx?playerId=61569, 오류: Page.goto: Timeout 30000ms exceeded.
Call log:
  - navigating to "https://www.koreabaseball.com/Record/Player/HitterDetail/Basic.aspx?playerId=61569", waiting until "load"

[2025-04-17T14:19:54.639+0000] {hitter.py:199} WARNING - 페이지 로드 실패 (재시도 1/3): https://www.koreabaseball.com/Record/Player/HitterDetail/Basic.aspx?playerId=61853, 오류: Page.goto: Timeout 30000ms exceeded.
Call log:
  - navigating to "https://www.koreabaseball.com/Record/Player/HitterDetail/Basic.aspx?playerId=61853", waiting until "load"

[2025-04-17T14:21:09.857+0000] {hitter.py:199} WARNING - 페이지 로드 실패 (재시도 1/3): https://www.koreabaseball.com/Record/Player/HitterDetail/Basic.aspx?playerId=62084, 오류: Page.goto: Timeout 30000ms exceeded.
Call log:
  - navigating to "https://www.koreabaseball.com/Record/Player/HitterDetail/Basic.aspx?playerId=62084", waiting until "load"

[2025-04-17T14:24:32.312+0000] {hitter.py:199} WARNING - 페이지 로드 실패 (재시도 1/3): https://www.koreabaseball.com/Record/Player/HitterDetail/Basic.aspx?playerId=62418, 오류: Page.goto: Timeout 30000ms exceeded.
Call log:
  - navigating to "https://www.koreabaseball.com/Record/Player/HitterDetail/Basic.aspx?playerId=62418", waiting until "load"

[2025-04-17T14:25:08.264+0000] {hitter.py:199} WARNING - 페이지 로드 실패 (재시도 1/3): https://www.koreabaseball.com/Record/Player/HitterDetail/Basic.aspx?playerId=62424, 오류: Page.goto: Timeout 30000ms exceeded.
Call log:
  - navigating to "https://www.koreabaseball.com/Record/Player/HitterDetail/Basic.aspx?playerId=62424", waiting until "load"

[2025-04-17T14:36:03.684+0000] {hitter.py:199} WARNING - 페이지 로드 실패 (재시도 1/3): https://www.koreabaseball.com/Record/Player/HitterDetail/Basic.aspx?playerId=62893, 오류: Page.goto: Timeout 30000ms exceeded.
Call log:
  - navigating to "https://www.koreabaseball.com/Record/Player/HitterDetail/Basic.aspx?playerId=62893", waiting until "load"

[2025-04-17T14:36:40.609+0000] {local_task_job.py:272} WARNING - State of this instance has been externally set to up_for_retry. Terminating instance.
[2025-04-17T14:36:40.610+0000] {process_utils.py:129} INFO - Sending Signals.SIGTERM to group 1042. PIDs of all processes in the group: [1063, 1075, 1077, 1078, 1094, 1125, 1092, 1042]
[2025-04-17T14:36:40.610+0000] {process_utils.py:84} INFO - Sending the signal Signals.SIGTERM to group 1042
[2025-04-17T14:36:40.610+0000] {taskinstance.py:1479} ERROR - Received SIGTERM. Terminating subprocesses.
[2025-04-17T14:36:40.616+0000] {taskinstance.py:1768} ERROR - Task failed with exception
Traceback (most recent call last):
  File "/home/airflow/.local/lib/python3.10/site-packages/airflow/operators/python.py", line 175, in execute
    return_value = self.execute_callable()
  File "/home/airflow/.local/lib/python3.10/site-packages/airflow/operators/python.py", line 192, in execute_callable
    return self.python_callable(*self.op_args, **self.op_kwargs)
  File "/opt/airflow/dags/hitter.py", line 407, in scrape_player_range
    loop.run_until_complete(scraper.run(start_id=start_id, end_id=end_id))
  File "/usr/local/lib/python3.10/asyncio/base_events.py", line 636, in run_until_complete
    self.run_forever()
  File "/usr/local/lib/python3.10/asyncio/base_events.py", line 603, in run_forever
    self._run_once()
  File "/usr/local/lib/python3.10/asyncio/base_events.py", line 1868, in _run_once
    event_list = self._selector.select(timeout)
  File "/usr/local/lib/python3.10/selectors.py", line 469, in select
    fd_event_list = self._selector.poll(timeout, max_ev)
  File "/home/airflow/.local/lib/python3.10/site-packages/airflow/models/taskinstance.py", line 1481, in signal_handler
    raise AirflowException("Task received SIGTERM signal")
airflow.exceptions.AirflowException: Task received SIGTERM signal
[2025-04-17T14:36:40.618+0000] {taskinstance.py:1318} INFO - Marking task as UP_FOR_RETRY. dag_id=baseball_hitter_scraping, task_id=scrape_players_60001_to_70000, execution_date=20250417T140641, start_date=20250417T140643, end_date=20250417T143640
[2025-04-17T14:36:40.625+0000] {standard_task_runner.py:100} ERROR - Failed to execute job 5 for task scrape_players_60001_to_70000 (Task received SIGTERM signal; 1042)
[2025-04-17T14:36:40.640+0000] {process_utils.py:79} INFO - Process psutil.Process(pid=1092, status='terminated', started='14:06:47') (1092) terminated with exit code None
[2025-04-17T14:36:40.642+0000] {process_utils.py:79} INFO - Process psutil.Process(pid=1042, status='terminated', exitcode=1, started='14:06:43') (1042) terminated with exit code 1
[2025-04-17T14:36:40.642+0000] {process_utils.py:79} INFO - Process psutil.Process(pid=1125, status='terminated', started='14:06:48') (1125) terminated with exit code None
[2025-04-17T14:36:40.642+0000] {process_utils.py:79} INFO - Process psutil.Process(pid=1077, status='terminated', started='14:06:47') (1077) terminated with exit code None
[2025-04-17T14:36:40.643+0000] {process_utils.py:79} INFO - Process psutil.Process(pid=1094, status='terminated', started='14:06:47') (1094) terminated with exit code None
[2025-04-17T14:36:40.643+0000] {process_utils.py:79} INFO - Process psutil.Process(pid=1078, status='terminated', started='14:06:47') (1078) terminated with exit code None
[2025-04-17T14:36:40.655+0000] {process_utils.py:79} INFO - Process psutil.Process(pid=1063, status='terminated', started='14:06:47') (1063) terminated with exit code None
[2025-04-17T14:36:40.655+0000] {process_utils.py:79} INFO - Process psutil.Process(pid=1075, status='terminated', started='14:06:47') (1075) terminated with exit code None
