[2025-04-17T14:06:44.113+0000] {taskinstance.py:1083} INFO - Dependencies all met for <TaskInstance: baseball_hitter_scraping.scrape_players_50007_to_60000 manual__2025-04-17T14:06:41.118024+00:00 [queued]>
[2025-04-17T14:06:44.122+0000] {taskinstance.py:1083} INFO - Dependencies all met for <TaskInstance: baseball_hitter_scraping.scrape_players_50007_to_60000 manual__2025-04-17T14:06:41.118024+00:00 [queued]>
[2025-04-17T14:06:44.122+0000] {taskinstance.py:1279} INFO - 
--------------------------------------------------------------------------------
[2025-04-17T14:06:44.122+0000] {taskinstance.py:1280} INFO - Starting attempt 1 of 4
[2025-04-17T14:06:44.122+0000] {taskinstance.py:1281} INFO - 
--------------------------------------------------------------------------------
[2025-04-17T14:06:44.129+0000] {taskinstance.py:1300} INFO - Executing <Task(PythonOperator): scrape_players_50007_to_60000> on 2025-04-17 14:06:41.118024+00:00
[2025-04-17T14:06:44.132+0000] {standard_task_runner.py:55} INFO - Started process 1043 to run task
[2025-04-17T14:06:44.135+0000] {standard_task_runner.py:82} INFO - Running: ['***', 'tasks', 'run', 'baseball_hitter_scraping', 'scrape_players_50007_to_60000', 'manual__2025-04-17T14:06:41.118024+00:00', '--job-id', '6', '--raw', '--subdir', 'DAGS_FOLDER/hitter.py', '--cfg-path', '/tmp/tmps3t87s2q']
[2025-04-17T14:06:44.136+0000] {standard_task_runner.py:83} INFO - Job 6: Subtask scrape_players_50007_to_60000
[2025-04-17T14:06:44.170+0000] {task_command.py:388} INFO - Running <TaskInstance: baseball_hitter_scraping.scrape_players_50007_to_60000 manual__2025-04-17T14:06:41.118024+00:00 [running]> on host d8e5b077da40
[2025-04-17T14:06:44.204+0000] {taskinstance.py:1507} INFO - Exporting the following env vars:
AIRFLOW_CTX_DAG_OWNER=***
AIRFLOW_CTX_DAG_ID=baseball_hitter_scraping
AIRFLOW_CTX_TASK_ID=scrape_players_50007_to_60000
AIRFLOW_CTX_EXECUTION_DATE=2025-04-17T14:06:41.118024+00:00
AIRFLOW_CTX_TRY_NUMBER=1
AIRFLOW_CTX_DAG_RUN_ID=manual__2025-04-17T14:06:41.118024+00:00
[2025-04-17T14:08:37.551+0000] {hitter.py:199} WARNING - 페이지 로드 실패 (재시도 1/3): https://www.koreabaseball.com/Record/Player/HitterDetail/Basic.aspx?playerId=50157, 오류: Page.goto: Timeout 30000ms exceeded.
Call log:
  - navigating to "https://www.koreabaseball.com/Record/Player/HitterDetail/Basic.aspx?playerId=50157", waiting until "load"

[2025-04-17T14:10:49.236+0000] {hitter.py:199} WARNING - 페이지 로드 실패 (재시도 1/3): https://www.koreabaseball.com/Record/Player/HitterDetail/Basic.aspx?playerId=50422, 오류: Page.goto: Timeout 30000ms exceeded.
Call log:
  - navigating to "https://www.koreabaseball.com/Record/Player/HitterDetail/Basic.aspx?playerId=50422", waiting until "load"

[2025-04-17T14:12:49.966+0000] {hitter.py:199} WARNING - 페이지 로드 실패 (재시도 1/3): https://www.koreabaseball.com/Record/Player/HitterDetail/Basic.aspx?playerId=50614, 오류: Page.goto: Timeout 30000ms exceeded.
Call log:
  - navigating to "https://www.koreabaseball.com/Record/Player/HitterDetail/Basic.aspx?playerId=50614", waiting until "load"

[2025-04-17T14:14:10.551+0000] {hitter.py:199} WARNING - 페이지 로드 실패 (재시도 1/3): https://www.koreabaseball.com/Record/Player/HitterDetail/Basic.aspx?playerId=50758, 오류: Page.goto: Timeout 30000ms exceeded.
Call log:
  - navigating to "https://www.koreabaseball.com/Record/Player/HitterDetail/Basic.aspx?playerId=50758", waiting until "load"

[2025-04-17T14:15:20.352+0000] {hitter.py:199} WARNING - 페이지 로드 실패 (재시도 1/3): https://www.koreabaseball.com/Record/Player/HitterDetail/Basic.aspx?playerId=50885, 오류: Page.goto: Timeout 30000ms exceeded.
Call log:
  - navigating to "https://www.koreabaseball.com/Record/Player/HitterDetail/Basic.aspx?playerId=50885", waiting until "load"

[2025-04-17T14:17:31.669+0000] {hitter.py:199} WARNING - 페이지 로드 실패 (재시도 1/3): https://www.koreabaseball.com/Record/Player/HitterDetail/Basic.aspx?playerId=51048, 오류: Page.goto: Timeout 30000ms exceeded.
Call log:
  - navigating to "https://www.koreabaseball.com/Record/Player/HitterDetail/Basic.aspx?playerId=51048", waiting until "load"

[2025-04-17T14:18:41.258+0000] {hitter.py:199} WARNING - 페이지 로드 실패 (재시도 1/3): https://www.koreabaseball.com/Record/Player/HitterDetail/Basic.aspx?playerId=51090, 오류: Page.goto: Timeout 30000ms exceeded.
Call log:
  - navigating to "https://www.koreabaseball.com/Record/Player/HitterDetail/Basic.aspx?playerId=51090", waiting until "load"

[2025-04-17T14:19:29.920+0000] {hitter.py:199} WARNING - 페이지 로드 실패 (재시도 1/3): https://www.koreabaseball.com/Record/Player/HitterDetail/Basic.aspx?playerId=51169, 오류: Page.goto: Timeout 30000ms exceeded.
Call log:
  - navigating to "https://www.koreabaseball.com/Record/Player/HitterDetail/Basic.aspx?playerId=51169", waiting until "load"

[2025-04-17T14:21:49.220+0000] {hitter.py:199} WARNING - 페이지 로드 실패 (재시도 1/3): https://www.koreabaseball.com/Record/Player/HitterDetail/Basic.aspx?playerId=51426, 오류: Page.goto: Timeout 30000ms exceeded.
Call log:
  - navigating to "https://www.koreabaseball.com/Record/Player/HitterDetail/Basic.aspx?playerId=51426", waiting until "load"

[2025-04-17T14:24:13.157+0000] {hitter.py:199} WARNING - 페이지 로드 실패 (재시도 1/3): https://www.koreabaseball.com/Record/Player/HitterDetail/Basic.aspx?playerId=51769, 오류: Page.goto: Timeout 30000ms exceeded.
Call log:
  - navigating to "https://www.koreabaseball.com/Record/Player/HitterDetail/Basic.aspx?playerId=51769", waiting until "load"

[2025-04-17T14:25:29.076+0000] {hitter.py:199} WARNING - 페이지 로드 실패 (재시도 1/3): https://www.koreabaseball.com/Record/Player/HitterDetail/Basic.aspx?playerId=51967, 오류: Page.goto: Timeout 30000ms exceeded.
Call log:
  - navigating to "https://www.koreabaseball.com/Record/Player/HitterDetail/Basic.aspx?playerId=51967", waiting until "load"

[2025-04-17T14:26:10.663+0000] {hitter.py:199} WARNING - 페이지 로드 실패 (재시도 1/3): https://www.koreabaseball.com/Record/Player/HitterDetail/Basic.aspx?playerId=52012, 오류: Page.goto: Timeout 30000ms exceeded.
Call log:
  - navigating to "https://www.koreabaseball.com/Record/Player/HitterDetail/Basic.aspx?playerId=52012", waiting until "load"

[2025-04-17T14:27:05.627+0000] {hitter.py:199} WARNING - 페이지 로드 실패 (재시도 1/3): https://www.koreabaseball.com/Record/Player/HitterDetail/Basic.aspx?playerId=52104, 오류: Page.goto: Timeout 30000ms exceeded.
Call log:
  - navigating to "https://www.koreabaseball.com/Record/Player/HitterDetail/Basic.aspx?playerId=52104", waiting until "load"

[2025-04-17T14:36:10.500+0000] {local_task_job.py:272} WARNING - State of this instance has been externally set to up_for_retry. Terminating instance.
[2025-04-17T14:36:10.503+0000] {process_utils.py:129} INFO - Sending Signals.SIGTERM to group 1043. PIDs of all processes in the group: [1141, 1229, 1231, 1232, 1248, 1281, 1246, 1043]
[2025-04-17T14:36:10.503+0000] {process_utils.py:84} INFO - Sending the signal Signals.SIGTERM to group 1043
[2025-04-17T14:36:10.503+0000] {taskinstance.py:1479} ERROR - Received SIGTERM. Terminating subprocesses.
[2025-04-17T14:36:10.509+0000] {taskinstance.py:1768} ERROR - Task failed with exception
Traceback (most recent call last):
  File "/home/airflow/.local/lib/python3.10/site-packages/airflow/operators/python.py", line 175, in execute
    return_value = self.execute_callable()
  File "/home/airflow/.local/lib/python3.10/site-packages/airflow/operators/python.py", line 192, in execute_callable
    return self.python_callable(*self.op_args, **self.op_kwargs)
  File "/opt/airflow/dags/hitter.py", line 407, in scrape_player_range
    loop.run_until_complete(scraper.run(start_id=start_id, end_id=end_id))
  File "/usr/local/lib/python3.10/asyncio/base_events.py", line 636, in run_until_complete
    self.run_forever()
  File "/usr/local/lib/python3.10/asyncio/base_events.py", line 603, in run_forever
    self._run_once()
  File "/usr/local/lib/python3.10/asyncio/base_events.py", line 1868, in _run_once
    event_list = self._selector.select(timeout)
  File "/usr/local/lib/python3.10/selectors.py", line 469, in select
    fd_event_list = self._selector.poll(timeout, max_ev)
  File "/home/airflow/.local/lib/python3.10/site-packages/airflow/models/taskinstance.py", line 1481, in signal_handler
    raise AirflowException("Task received SIGTERM signal")
airflow.exceptions.AirflowException: Task received SIGTERM signal
[2025-04-17T14:36:10.512+0000] {taskinstance.py:1318} INFO - Marking task as UP_FOR_RETRY. dag_id=baseball_hitter_scraping, task_id=scrape_players_50007_to_60000, execution_date=20250417T140641, start_date=20250417T140644, end_date=20250417T143610
[2025-04-17T14:36:10.523+0000] {standard_task_runner.py:100} ERROR - Failed to execute job 6 for task scrape_players_50007_to_60000 (Task received SIGTERM signal; 1043)
[2025-04-17T14:36:10.560+0000] {process_utils.py:79} INFO - Process psutil.Process(pid=1043, status='terminated', exitcode=1, started='14:06:43') (1043) terminated with exit code 1
[2025-04-17T14:36:10.561+0000] {process_utils.py:79} INFO - Process psutil.Process(pid=1231, status='terminated', started='14:06:48') (1231) terminated with exit code None
[2025-04-17T14:36:10.561+0000] {process_utils.py:79} INFO - Process psutil.Process(pid=1248, status='terminated', started='14:06:48') (1248) terminated with exit code None
[2025-04-17T14:36:10.561+0000] {process_utils.py:79} INFO - Process psutil.Process(pid=1232, status='terminated', started='14:06:48') (1232) terminated with exit code None
[2025-04-17T14:36:10.562+0000] {process_utils.py:79} INFO - Process psutil.Process(pid=1281, status='terminated', started='14:06:48') (1281) terminated with exit code None
[2025-04-17T14:36:10.564+0000] {process_utils.py:79} INFO - Process psutil.Process(pid=1141, status='terminated', started='14:06:48') (1141) terminated with exit code None
[2025-04-17T14:36:10.565+0000] {process_utils.py:79} INFO - Process psutil.Process(pid=1229, status='terminated', started='14:06:48') (1229) terminated with exit code None
[2025-04-17T14:36:10.565+0000] {process_utils.py:79} INFO - Process psutil.Process(pid=1246, status='terminated', started='14:06:48') (1246) terminated with exit code None
