[2025-04-17T14:05:04.102+0000] {processor.py:153} INFO - Started process (PID=861) to work on /opt/airflow/dags/hitter.py
[2025-04-17T14:05:04.104+0000] {processor.py:743} INFO - Processing file /opt/airflow/dags/hitter.py for tasks to queue
[2025-04-17T14:05:04.106+0000] {logging_mixin.py:137} INFO - [2025-04-17T14:05:04.105+0000] {dagbag.py:538} INFO - Filling up the DagBag from /opt/airflow/dags/hitter.py
[2025-04-17T14:05:04.261+0000] {processor.py:753} INFO - DAG(s) dict_keys(['baseball_hitter_scraping']) retrieved from /opt/airflow/dags/hitter.py
[2025-04-17T14:05:04.395+0000] {logging_mixin.py:137} INFO - [2025-04-17T14:05:04.395+0000] {manager.py:504} INFO - Created Permission View: can read on DAG:baseball_hitter_scraping
[2025-04-17T14:05:04.398+0000] {logging_mixin.py:137} INFO - [2025-04-17T14:05:04.398+0000] {manager.py:504} INFO - Created Permission View: can edit on DAG:baseball_hitter_scraping
[2025-04-17T14:05:04.400+0000] {logging_mixin.py:137} INFO - [2025-04-17T14:05:04.400+0000] {manager.py:504} INFO - Created Permission View: can delete on DAG:baseball_hitter_scraping
[2025-04-17T14:05:04.401+0000] {logging_mixin.py:137} INFO - [2025-04-17T14:05:04.401+0000] {dag.py:2690} INFO - Sync 1 DAGs
[2025-04-17T14:05:04.409+0000] {logging_mixin.py:137} INFO - [2025-04-17T14:05:04.409+0000] {dag.py:2711} INFO - Creating ORM DAG for baseball_hitter_scraping
[2025-04-17T14:05:04.415+0000] {logging_mixin.py:137} INFO - [2025-04-17T14:05:04.415+0000] {dag.py:3437} INFO - Setting next_dagrun for baseball_hitter_scraping to None, run_after=None
[2025-04-17T14:05:04.424+0000] {processor.py:175} INFO - Processing /opt/airflow/dags/hitter.py took 0.331 seconds
[2025-04-17T14:05:34.644+0000] {processor.py:153} INFO - Started process (PID=901) to work on /opt/airflow/dags/hitter.py
[2025-04-17T14:05:34.645+0000] {processor.py:743} INFO - Processing file /opt/airflow/dags/hitter.py for tasks to queue
[2025-04-17T14:05:34.645+0000] {logging_mixin.py:137} INFO - [2025-04-17T14:05:34.645+0000] {dagbag.py:538} INFO - Filling up the DagBag from /opt/airflow/dags/hitter.py
[2025-04-17T14:05:34.672+0000] {processor.py:753} INFO - DAG(s) dict_keys(['baseball_hitter_scraping']) retrieved from /opt/airflow/dags/hitter.py
[2025-04-17T14:05:34.686+0000] {logging_mixin.py:137} INFO - [2025-04-17T14:05:34.686+0000] {dag.py:2690} INFO - Sync 1 DAGs
[2025-04-17T14:05:34.697+0000] {logging_mixin.py:137} INFO - [2025-04-17T14:05:34.697+0000] {dag.py:3437} INFO - Setting next_dagrun for baseball_hitter_scraping to None, run_after=None
[2025-04-17T14:05:34.707+0000] {processor.py:175} INFO - Processing /opt/airflow/dags/hitter.py took 0.065 seconds
[2025-04-17T14:06:04.881+0000] {processor.py:153} INFO - Started process (PID=961) to work on /opt/airflow/dags/hitter.py
[2025-04-17T14:06:04.882+0000] {processor.py:743} INFO - Processing file /opt/airflow/dags/hitter.py for tasks to queue
[2025-04-17T14:06:04.884+0000] {logging_mixin.py:137} INFO - [2025-04-17T14:06:04.883+0000] {dagbag.py:538} INFO - Filling up the DagBag from /opt/airflow/dags/hitter.py
[2025-04-17T14:06:04.926+0000] {processor.py:753} INFO - DAG(s) dict_keys(['baseball_hitter_scraping']) retrieved from /opt/airflow/dags/hitter.py
[2025-04-17T14:06:04.940+0000] {logging_mixin.py:137} INFO - [2025-04-17T14:06:04.940+0000] {dag.py:2690} INFO - Sync 1 DAGs
[2025-04-17T14:06:04.949+0000] {logging_mixin.py:137} INFO - [2025-04-17T14:06:04.949+0000] {dag.py:3437} INFO - Setting next_dagrun for baseball_hitter_scraping to None, run_after=None
[2025-04-17T14:06:04.957+0000] {processor.py:175} INFO - Processing /opt/airflow/dags/hitter.py took 0.081 seconds
[2025-04-17T14:06:35.154+0000] {processor.py:153} INFO - Started process (PID=1022) to work on /opt/airflow/dags/hitter.py
[2025-04-17T14:06:35.155+0000] {processor.py:743} INFO - Processing file /opt/airflow/dags/hitter.py for tasks to queue
[2025-04-17T14:06:35.155+0000] {logging_mixin.py:137} INFO - [2025-04-17T14:06:35.155+0000] {dagbag.py:538} INFO - Filling up the DagBag from /opt/airflow/dags/hitter.py
[2025-04-17T14:06:35.184+0000] {processor.py:753} INFO - DAG(s) dict_keys(['baseball_hitter_scraping']) retrieved from /opt/airflow/dags/hitter.py
[2025-04-17T14:06:35.197+0000] {logging_mixin.py:137} INFO - [2025-04-17T14:06:35.197+0000] {dag.py:2690} INFO - Sync 1 DAGs
[2025-04-17T14:06:35.207+0000] {logging_mixin.py:137} INFO - [2025-04-17T14:06:35.207+0000] {dag.py:3437} INFO - Setting next_dagrun for baseball_hitter_scraping to None, run_after=None
[2025-04-17T14:06:35.215+0000] {processor.py:175} INFO - Processing /opt/airflow/dags/hitter.py took 0.064 seconds
[2025-04-17T14:07:05.297+0000] {processor.py:153} INFO - Started process (PID=1062) to work on /opt/airflow/dags/hitter.py
[2025-04-17T14:07:05.298+0000] {processor.py:743} INFO - Processing file /opt/airflow/dags/hitter.py for tasks to queue
[2025-04-17T14:07:05.299+0000] {logging_mixin.py:137} INFO - [2025-04-17T14:07:05.299+0000] {dagbag.py:538} INFO - Filling up the DagBag from /opt/airflow/dags/hitter.py
[2025-04-17T14:07:05.329+0000] {processor.py:753} INFO - DAG(s) dict_keys(['baseball_hitter_scraping']) retrieved from /opt/airflow/dags/hitter.py
[2025-04-17T14:07:05.346+0000] {logging_mixin.py:137} INFO - [2025-04-17T14:07:05.346+0000] {dag.py:2690} INFO - Sync 1 DAGs
[2025-04-17T14:07:05.361+0000] {logging_mixin.py:137} INFO - [2025-04-17T14:07:05.360+0000] {dag.py:3437} INFO - Setting next_dagrun for baseball_hitter_scraping to None, run_after=None
[2025-04-17T14:07:05.376+0000] {processor.py:175} INFO - Processing /opt/airflow/dags/hitter.py took 0.083 seconds
[2025-04-17T14:07:35.496+0000] {processor.py:153} INFO - Started process (PID=1111) to work on /opt/airflow/dags/hitter.py
[2025-04-17T14:07:35.496+0000] {processor.py:743} INFO - Processing file /opt/airflow/dags/hitter.py for tasks to queue
[2025-04-17T14:07:35.497+0000] {logging_mixin.py:137} INFO - [2025-04-17T14:07:35.496+0000] {dagbag.py:538} INFO - Filling up the DagBag from /opt/airflow/dags/hitter.py
[2025-04-17T14:07:35.521+0000] {processor.py:753} INFO - DAG(s) dict_keys(['baseball_hitter_scraping']) retrieved from /opt/airflow/dags/hitter.py
[2025-04-17T14:07:35.534+0000] {logging_mixin.py:137} INFO - [2025-04-17T14:07:35.534+0000] {dag.py:2690} INFO - Sync 1 DAGs
[2025-04-17T14:07:35.544+0000] {logging_mixin.py:137} INFO - [2025-04-17T14:07:35.544+0000] {dag.py:3437} INFO - Setting next_dagrun for baseball_hitter_scraping to None, run_after=None
[2025-04-17T14:07:35.562+0000] {processor.py:175} INFO - Processing /opt/airflow/dags/hitter.py took 0.068 seconds
[2025-04-17T14:08:05.643+0000] {processor.py:153} INFO - Started process (PID=1160) to work on /opt/airflow/dags/hitter.py
[2025-04-17T14:08:05.643+0000] {processor.py:743} INFO - Processing file /opt/airflow/dags/hitter.py for tasks to queue
[2025-04-17T14:08:05.644+0000] {logging_mixin.py:137} INFO - [2025-04-17T14:08:05.644+0000] {dagbag.py:538} INFO - Filling up the DagBag from /opt/airflow/dags/hitter.py
[2025-04-17T14:08:05.670+0000] {processor.py:753} INFO - DAG(s) dict_keys(['baseball_hitter_scraping']) retrieved from /opt/airflow/dags/hitter.py
[2025-04-17T14:08:05.684+0000] {logging_mixin.py:137} INFO - [2025-04-17T14:08:05.684+0000] {dag.py:2690} INFO - Sync 1 DAGs
[2025-04-17T14:08:05.696+0000] {logging_mixin.py:137} INFO - [2025-04-17T14:08:05.696+0000] {dag.py:3437} INFO - Setting next_dagrun for baseball_hitter_scraping to None, run_after=None
[2025-04-17T14:08:05.707+0000] {processor.py:175} INFO - Processing /opt/airflow/dags/hitter.py took 0.067 seconds
[2025-04-17T14:08:35.847+0000] {processor.py:153} INFO - Started process (PID=1192) to work on /opt/airflow/dags/hitter.py
[2025-04-17T14:08:35.848+0000] {processor.py:743} INFO - Processing file /opt/airflow/dags/hitter.py for tasks to queue
[2025-04-17T14:08:35.848+0000] {logging_mixin.py:137} INFO - [2025-04-17T14:08:35.848+0000] {dagbag.py:538} INFO - Filling up the DagBag from /opt/airflow/dags/hitter.py
[2025-04-17T14:08:35.872+0000] {processor.py:753} INFO - DAG(s) dict_keys(['baseball_hitter_scraping']) retrieved from /opt/airflow/dags/hitter.py
[2025-04-17T14:08:35.887+0000] {logging_mixin.py:137} INFO - [2025-04-17T14:08:35.887+0000] {dag.py:2690} INFO - Sync 1 DAGs
[2025-04-17T14:08:35.901+0000] {logging_mixin.py:137} INFO - [2025-04-17T14:08:35.901+0000] {dag.py:3437} INFO - Setting next_dagrun for baseball_hitter_scraping to None, run_after=None
[2025-04-17T14:08:35.913+0000] {processor.py:175} INFO - Processing /opt/airflow/dags/hitter.py took 0.068 seconds
[2025-04-17T14:09:06.003+0000] {processor.py:153} INFO - Started process (PID=1240) to work on /opt/airflow/dags/hitter.py
[2025-04-17T14:09:06.006+0000] {processor.py:743} INFO - Processing file /opt/airflow/dags/hitter.py for tasks to queue
[2025-04-17T14:09:06.007+0000] {logging_mixin.py:137} INFO - [2025-04-17T14:09:06.007+0000] {dagbag.py:538} INFO - Filling up the DagBag from /opt/airflow/dags/hitter.py
[2025-04-17T14:09:06.037+0000] {processor.py:753} INFO - DAG(s) dict_keys(['baseball_hitter_scraping']) retrieved from /opt/airflow/dags/hitter.py
[2025-04-17T14:09:06.056+0000] {logging_mixin.py:137} INFO - [2025-04-17T14:09:06.056+0000] {dag.py:2690} INFO - Sync 1 DAGs
[2025-04-17T14:09:06.070+0000] {logging_mixin.py:137} INFO - [2025-04-17T14:09:06.070+0000] {dag.py:3437} INFO - Setting next_dagrun for baseball_hitter_scraping to None, run_after=None
[2025-04-17T14:09:06.082+0000] {processor.py:175} INFO - Processing /opt/airflow/dags/hitter.py took 0.081 seconds
[2025-04-17T14:09:36.178+0000] {processor.py:153} INFO - Started process (PID=1280) to work on /opt/airflow/dags/hitter.py
[2025-04-17T14:09:36.178+0000] {processor.py:743} INFO - Processing file /opt/airflow/dags/hitter.py for tasks to queue
[2025-04-17T14:09:36.179+0000] {logging_mixin.py:137} INFO - [2025-04-17T14:09:36.179+0000] {dagbag.py:538} INFO - Filling up the DagBag from /opt/airflow/dags/hitter.py
[2025-04-17T14:09:36.204+0000] {processor.py:753} INFO - DAG(s) dict_keys(['baseball_hitter_scraping']) retrieved from /opt/airflow/dags/hitter.py
[2025-04-17T14:09:36.217+0000] {logging_mixin.py:137} INFO - [2025-04-17T14:09:36.217+0000] {dag.py:2690} INFO - Sync 1 DAGs
[2025-04-17T14:09:36.228+0000] {logging_mixin.py:137} INFO - [2025-04-17T14:09:36.228+0000] {dag.py:3437} INFO - Setting next_dagrun for baseball_hitter_scraping to None, run_after=None
[2025-04-17T14:09:36.237+0000] {processor.py:175} INFO - Processing /opt/airflow/dags/hitter.py took 0.061 seconds
[2025-04-17T14:10:06.337+0000] {processor.py:153} INFO - Started process (PID=1322) to work on /opt/airflow/dags/hitter.py
[2025-04-17T14:10:06.338+0000] {processor.py:743} INFO - Processing file /opt/airflow/dags/hitter.py for tasks to queue
[2025-04-17T14:10:06.338+0000] {logging_mixin.py:137} INFO - [2025-04-17T14:10:06.338+0000] {dagbag.py:538} INFO - Filling up the DagBag from /opt/airflow/dags/hitter.py
[2025-04-17T14:10:06.364+0000] {processor.py:753} INFO - DAG(s) dict_keys(['baseball_hitter_scraping']) retrieved from /opt/airflow/dags/hitter.py
[2025-04-17T14:10:06.378+0000] {logging_mixin.py:137} INFO - [2025-04-17T14:10:06.378+0000] {dag.py:2690} INFO - Sync 1 DAGs
[2025-04-17T14:10:06.389+0000] {logging_mixin.py:137} INFO - [2025-04-17T14:10:06.389+0000] {dag.py:3437} INFO - Setting next_dagrun for baseball_hitter_scraping to None, run_after=None
[2025-04-17T14:10:06.400+0000] {processor.py:175} INFO - Processing /opt/airflow/dags/hitter.py took 0.065 seconds
[2025-04-17T14:10:36.533+0000] {processor.py:153} INFO - Started process (PID=1371) to work on /opt/airflow/dags/hitter.py
[2025-04-17T14:10:36.535+0000] {processor.py:743} INFO - Processing file /opt/airflow/dags/hitter.py for tasks to queue
[2025-04-17T14:10:36.535+0000] {logging_mixin.py:137} INFO - [2025-04-17T14:10:36.535+0000] {dagbag.py:538} INFO - Filling up the DagBag from /opt/airflow/dags/hitter.py
[2025-04-17T14:10:36.560+0000] {processor.py:753} INFO - DAG(s) dict_keys(['baseball_hitter_scraping']) retrieved from /opt/airflow/dags/hitter.py
[2025-04-17T14:10:36.572+0000] {logging_mixin.py:137} INFO - [2025-04-17T14:10:36.572+0000] {dag.py:2690} INFO - Sync 1 DAGs
[2025-04-17T14:10:36.581+0000] {logging_mixin.py:137} INFO - [2025-04-17T14:10:36.581+0000] {dag.py:3437} INFO - Setting next_dagrun for baseball_hitter_scraping to None, run_after=None
[2025-04-17T14:10:36.590+0000] {processor.py:175} INFO - Processing /opt/airflow/dags/hitter.py took 0.060 seconds
[2025-04-17T14:11:06.686+0000] {processor.py:153} INFO - Started process (PID=1404) to work on /opt/airflow/dags/hitter.py
[2025-04-17T14:11:06.687+0000] {processor.py:743} INFO - Processing file /opt/airflow/dags/hitter.py for tasks to queue
[2025-04-17T14:11:06.687+0000] {logging_mixin.py:137} INFO - [2025-04-17T14:11:06.687+0000] {dagbag.py:538} INFO - Filling up the DagBag from /opt/airflow/dags/hitter.py
[2025-04-17T14:11:06.716+0000] {processor.py:753} INFO - DAG(s) dict_keys(['baseball_hitter_scraping']) retrieved from /opt/airflow/dags/hitter.py
[2025-04-17T14:11:06.732+0000] {logging_mixin.py:137} INFO - [2025-04-17T14:11:06.732+0000] {dag.py:2690} INFO - Sync 1 DAGs
[2025-04-17T14:11:06.745+0000] {logging_mixin.py:137} INFO - [2025-04-17T14:11:06.745+0000] {dag.py:3437} INFO - Setting next_dagrun for baseball_hitter_scraping to None, run_after=None
[2025-04-17T14:11:06.757+0000] {processor.py:175} INFO - Processing /opt/airflow/dags/hitter.py took 0.074 seconds
[2025-04-17T14:11:36.870+0000] {processor.py:153} INFO - Started process (PID=1452) to work on /opt/airflow/dags/hitter.py
[2025-04-17T14:11:36.872+0000] {processor.py:743} INFO - Processing file /opt/airflow/dags/hitter.py for tasks to queue
[2025-04-17T14:11:36.873+0000] {logging_mixin.py:137} INFO - [2025-04-17T14:11:36.873+0000] {dagbag.py:538} INFO - Filling up the DagBag from /opt/airflow/dags/hitter.py
[2025-04-17T14:11:36.897+0000] {processor.py:753} INFO - DAG(s) dict_keys(['baseball_hitter_scraping']) retrieved from /opt/airflow/dags/hitter.py
[2025-04-17T14:11:36.919+0000] {logging_mixin.py:137} INFO - [2025-04-17T14:11:36.918+0000] {dag.py:2690} INFO - Sync 1 DAGs
[2025-04-17T14:11:36.950+0000] {logging_mixin.py:137} INFO - [2025-04-17T14:11:36.950+0000] {dag.py:3437} INFO - Setting next_dagrun for baseball_hitter_scraping to None, run_after=None
[2025-04-17T14:11:36.979+0000] {processor.py:175} INFO - Processing /opt/airflow/dags/hitter.py took 0.111 seconds
[2025-04-17T14:12:06.999+0000] {processor.py:153} INFO - Started process (PID=1491) to work on /opt/airflow/dags/hitter.py
[2025-04-17T14:12:07.000+0000] {processor.py:743} INFO - Processing file /opt/airflow/dags/hitter.py for tasks to queue
[2025-04-17T14:12:07.003+0000] {logging_mixin.py:137} INFO - [2025-04-17T14:12:07.003+0000] {dagbag.py:538} INFO - Filling up the DagBag from /opt/airflow/dags/hitter.py
[2025-04-17T14:12:07.037+0000] {processor.py:753} INFO - DAG(s) dict_keys(['baseball_hitter_scraping']) retrieved from /opt/airflow/dags/hitter.py
[2025-04-17T14:12:07.059+0000] {logging_mixin.py:137} INFO - [2025-04-17T14:12:07.059+0000] {dag.py:2690} INFO - Sync 1 DAGs
[2025-04-17T14:12:07.074+0000] {logging_mixin.py:137} INFO - [2025-04-17T14:12:07.074+0000] {dag.py:3437} INFO - Setting next_dagrun for baseball_hitter_scraping to None, run_after=None
[2025-04-17T14:12:07.089+0000] {processor.py:175} INFO - Processing /opt/airflow/dags/hitter.py took 0.092 seconds
[2025-04-17T14:12:37.148+0000] {processor.py:153} INFO - Started process (PID=1533) to work on /opt/airflow/dags/hitter.py
[2025-04-17T14:12:37.150+0000] {processor.py:743} INFO - Processing file /opt/airflow/dags/hitter.py for tasks to queue
[2025-04-17T14:12:37.150+0000] {logging_mixin.py:137} INFO - [2025-04-17T14:12:37.150+0000] {dagbag.py:538} INFO - Filling up the DagBag from /opt/airflow/dags/hitter.py
[2025-04-17T14:12:37.184+0000] {processor.py:753} INFO - DAG(s) dict_keys(['baseball_hitter_scraping']) retrieved from /opt/airflow/dags/hitter.py
[2025-04-17T14:12:37.197+0000] {logging_mixin.py:137} INFO - [2025-04-17T14:12:37.196+0000] {dag.py:2690} INFO - Sync 1 DAGs
[2025-04-17T14:12:37.206+0000] {logging_mixin.py:137} INFO - [2025-04-17T14:12:37.206+0000] {dag.py:3437} INFO - Setting next_dagrun for baseball_hitter_scraping to None, run_after=None
[2025-04-17T14:12:37.215+0000] {processor.py:175} INFO - Processing /opt/airflow/dags/hitter.py took 0.070 seconds
[2025-04-17T14:13:07.288+0000] {processor.py:153} INFO - Started process (PID=1582) to work on /opt/airflow/dags/hitter.py
[2025-04-17T14:13:07.289+0000] {processor.py:743} INFO - Processing file /opt/airflow/dags/hitter.py for tasks to queue
[2025-04-17T14:13:07.289+0000] {logging_mixin.py:137} INFO - [2025-04-17T14:13:07.289+0000] {dagbag.py:538} INFO - Filling up the DagBag from /opt/airflow/dags/hitter.py
[2025-04-17T14:13:07.315+0000] {processor.py:753} INFO - DAG(s) dict_keys(['baseball_hitter_scraping']) retrieved from /opt/airflow/dags/hitter.py
[2025-04-17T14:13:07.328+0000] {logging_mixin.py:137} INFO - [2025-04-17T14:13:07.328+0000] {dag.py:2690} INFO - Sync 1 DAGs
[2025-04-17T14:13:07.339+0000] {logging_mixin.py:137} INFO - [2025-04-17T14:13:07.339+0000] {dag.py:3437} INFO - Setting next_dagrun for baseball_hitter_scraping to None, run_after=None
[2025-04-17T14:13:07.349+0000] {processor.py:175} INFO - Processing /opt/airflow/dags/hitter.py took 0.062 seconds
[2025-04-17T14:13:37.470+0000] {processor.py:153} INFO - Started process (PID=1615) to work on /opt/airflow/dags/hitter.py
[2025-04-17T14:13:37.471+0000] {processor.py:743} INFO - Processing file /opt/airflow/dags/hitter.py for tasks to queue
[2025-04-17T14:13:37.471+0000] {logging_mixin.py:137} INFO - [2025-04-17T14:13:37.471+0000] {dagbag.py:538} INFO - Filling up the DagBag from /opt/airflow/dags/hitter.py
[2025-04-17T14:13:37.502+0000] {processor.py:753} INFO - DAG(s) dict_keys(['baseball_hitter_scraping']) retrieved from /opt/airflow/dags/hitter.py
[2025-04-17T14:13:37.520+0000] {logging_mixin.py:137} INFO - [2025-04-17T14:13:37.520+0000] {dag.py:2690} INFO - Sync 1 DAGs
[2025-04-17T14:13:37.531+0000] {logging_mixin.py:137} INFO - [2025-04-17T14:13:37.531+0000] {dag.py:3437} INFO - Setting next_dagrun for baseball_hitter_scraping to None, run_after=None
[2025-04-17T14:13:37.542+0000] {processor.py:175} INFO - Processing /opt/airflow/dags/hitter.py took 0.075 seconds
[2025-04-17T14:14:07.636+0000] {processor.py:153} INFO - Started process (PID=1664) to work on /opt/airflow/dags/hitter.py
[2025-04-17T14:14:07.637+0000] {processor.py:743} INFO - Processing file /opt/airflow/dags/hitter.py for tasks to queue
[2025-04-17T14:14:07.637+0000] {logging_mixin.py:137} INFO - [2025-04-17T14:14:07.637+0000] {dagbag.py:538} INFO - Filling up the DagBag from /opt/airflow/dags/hitter.py
[2025-04-17T14:14:07.665+0000] {processor.py:753} INFO - DAG(s) dict_keys(['baseball_hitter_scraping']) retrieved from /opt/airflow/dags/hitter.py
[2025-04-17T14:14:07.680+0000] {logging_mixin.py:137} INFO - [2025-04-17T14:14:07.680+0000] {dag.py:2690} INFO - Sync 1 DAGs
[2025-04-17T14:14:07.692+0000] {logging_mixin.py:137} INFO - [2025-04-17T14:14:07.692+0000] {dag.py:3437} INFO - Setting next_dagrun for baseball_hitter_scraping to None, run_after=None
[2025-04-17T14:14:07.703+0000] {processor.py:175} INFO - Processing /opt/airflow/dags/hitter.py took 0.069 seconds
[2025-04-17T14:14:37.782+0000] {processor.py:153} INFO - Started process (PID=1703) to work on /opt/airflow/dags/hitter.py
[2025-04-17T14:14:37.794+0000] {processor.py:743} INFO - Processing file /opt/airflow/dags/hitter.py for tasks to queue
[2025-04-17T14:14:37.795+0000] {logging_mixin.py:137} INFO - [2025-04-17T14:14:37.795+0000] {dagbag.py:538} INFO - Filling up the DagBag from /opt/airflow/dags/hitter.py
[2025-04-17T14:14:37.876+0000] {processor.py:753} INFO - DAG(s) dict_keys(['baseball_hitter_scraping']) retrieved from /opt/airflow/dags/hitter.py
[2025-04-17T14:14:37.892+0000] {logging_mixin.py:137} INFO - [2025-04-17T14:14:37.891+0000] {dag.py:2690} INFO - Sync 1 DAGs
[2025-04-17T14:14:37.905+0000] {logging_mixin.py:137} INFO - [2025-04-17T14:14:37.905+0000] {dag.py:3437} INFO - Setting next_dagrun for baseball_hitter_scraping to None, run_after=None
[2025-04-17T14:14:37.918+0000] {processor.py:175} INFO - Processing /opt/airflow/dags/hitter.py took 0.138 seconds
[2025-04-17T14:15:08.011+0000] {processor.py:153} INFO - Started process (PID=1746) to work on /opt/airflow/dags/hitter.py
[2025-04-17T14:15:08.011+0000] {processor.py:743} INFO - Processing file /opt/airflow/dags/hitter.py for tasks to queue
[2025-04-17T14:15:08.012+0000] {logging_mixin.py:137} INFO - [2025-04-17T14:15:08.012+0000] {dagbag.py:538} INFO - Filling up the DagBag from /opt/airflow/dags/hitter.py
[2025-04-17T14:15:08.039+0000] {processor.py:753} INFO - DAG(s) dict_keys(['baseball_hitter_scraping']) retrieved from /opt/airflow/dags/hitter.py
[2025-04-17T14:15:08.054+0000] {logging_mixin.py:137} INFO - [2025-04-17T14:15:08.054+0000] {dag.py:2690} INFO - Sync 1 DAGs
[2025-04-17T14:15:08.065+0000] {logging_mixin.py:137} INFO - [2025-04-17T14:15:08.065+0000] {dag.py:3437} INFO - Setting next_dagrun for baseball_hitter_scraping to None, run_after=None
[2025-04-17T14:15:08.074+0000] {processor.py:175} INFO - Processing /opt/airflow/dags/hitter.py took 0.067 seconds
[2025-04-17T14:15:38.225+0000] {processor.py:153} INFO - Started process (PID=1796) to work on /opt/airflow/dags/hitter.py
[2025-04-17T14:15:38.225+0000] {processor.py:743} INFO - Processing file /opt/airflow/dags/hitter.py for tasks to queue
[2025-04-17T14:15:38.226+0000] {logging_mixin.py:137} INFO - [2025-04-17T14:15:38.226+0000] {dagbag.py:538} INFO - Filling up the DagBag from /opt/airflow/dags/hitter.py
[2025-04-17T14:15:38.256+0000] {processor.py:753} INFO - DAG(s) dict_keys(['baseball_hitter_scraping']) retrieved from /opt/airflow/dags/hitter.py
[2025-04-17T14:15:38.272+0000] {logging_mixin.py:137} INFO - [2025-04-17T14:15:38.272+0000] {dag.py:2690} INFO - Sync 1 DAGs
[2025-04-17T14:15:38.284+0000] {logging_mixin.py:137} INFO - [2025-04-17T14:15:38.284+0000] {dag.py:3437} INFO - Setting next_dagrun for baseball_hitter_scraping to None, run_after=None
[2025-04-17T14:15:38.296+0000] {processor.py:175} INFO - Processing /opt/airflow/dags/hitter.py took 0.074 seconds
[2025-04-17T14:16:08.364+0000] {processor.py:153} INFO - Started process (PID=1830) to work on /opt/airflow/dags/hitter.py
[2025-04-17T14:16:08.366+0000] {processor.py:743} INFO - Processing file /opt/airflow/dags/hitter.py for tasks to queue
[2025-04-17T14:16:08.367+0000] {logging_mixin.py:137} INFO - [2025-04-17T14:16:08.367+0000] {dagbag.py:538} INFO - Filling up the DagBag from /opt/airflow/dags/hitter.py
[2025-04-17T14:16:08.410+0000] {processor.py:753} INFO - DAG(s) dict_keys(['baseball_hitter_scraping']) retrieved from /opt/airflow/dags/hitter.py
[2025-04-17T14:16:08.424+0000] {logging_mixin.py:137} INFO - [2025-04-17T14:16:08.424+0000] {dag.py:2690} INFO - Sync 1 DAGs
[2025-04-17T14:16:08.436+0000] {logging_mixin.py:137} INFO - [2025-04-17T14:16:08.436+0000] {dag.py:3437} INFO - Setting next_dagrun for baseball_hitter_scraping to None, run_after=None
[2025-04-17T14:16:08.446+0000] {processor.py:175} INFO - Processing /opt/airflow/dags/hitter.py took 0.086 seconds
[2025-04-17T14:16:38.601+0000] {processor.py:153} INFO - Started process (PID=1880) to work on /opt/airflow/dags/hitter.py
[2025-04-17T14:16:38.603+0000] {processor.py:743} INFO - Processing file /opt/airflow/dags/hitter.py for tasks to queue
[2025-04-17T14:16:38.603+0000] {logging_mixin.py:137} INFO - [2025-04-17T14:16:38.603+0000] {dagbag.py:538} INFO - Filling up the DagBag from /opt/airflow/dags/hitter.py
[2025-04-17T14:16:38.638+0000] {processor.py:753} INFO - DAG(s) dict_keys(['baseball_hitter_scraping']) retrieved from /opt/airflow/dags/hitter.py
[2025-04-17T14:16:38.651+0000] {logging_mixin.py:137} INFO - [2025-04-17T14:16:38.651+0000] {dag.py:2690} INFO - Sync 1 DAGs
[2025-04-17T14:16:38.661+0000] {logging_mixin.py:137} INFO - [2025-04-17T14:16:38.661+0000] {dag.py:3437} INFO - Setting next_dagrun for baseball_hitter_scraping to None, run_after=None
[2025-04-17T14:16:38.670+0000] {processor.py:175} INFO - Processing /opt/airflow/dags/hitter.py took 0.073 seconds
[2025-04-17T14:17:08.811+0000] {processor.py:153} INFO - Started process (PID=1930) to work on /opt/airflow/dags/hitter.py
[2025-04-17T14:17:08.812+0000] {processor.py:743} INFO - Processing file /opt/airflow/dags/hitter.py for tasks to queue
[2025-04-17T14:17:08.813+0000] {logging_mixin.py:137} INFO - [2025-04-17T14:17:08.813+0000] {dagbag.py:538} INFO - Filling up the DagBag from /opt/airflow/dags/hitter.py
[2025-04-17T14:17:08.841+0000] {processor.py:753} INFO - DAG(s) dict_keys(['baseball_hitter_scraping']) retrieved from /opt/airflow/dags/hitter.py
[2025-04-17T14:17:08.854+0000] {logging_mixin.py:137} INFO - [2025-04-17T14:17:08.854+0000] {dag.py:2690} INFO - Sync 1 DAGs
[2025-04-17T14:17:08.865+0000] {logging_mixin.py:137} INFO - [2025-04-17T14:17:08.865+0000] {dag.py:3437} INFO - Setting next_dagrun for baseball_hitter_scraping to None, run_after=None
[2025-04-17T14:17:08.873+0000] {processor.py:175} INFO - Processing /opt/airflow/dags/hitter.py took 0.064 seconds
[2025-04-17T14:17:39.038+0000] {processor.py:153} INFO - Started process (PID=1964) to work on /opt/airflow/dags/hitter.py
[2025-04-17T14:17:39.040+0000] {processor.py:743} INFO - Processing file /opt/airflow/dags/hitter.py for tasks to queue
[2025-04-17T14:17:39.040+0000] {logging_mixin.py:137} INFO - [2025-04-17T14:17:39.040+0000] {dagbag.py:538} INFO - Filling up the DagBag from /opt/airflow/dags/hitter.py
[2025-04-17T14:17:39.069+0000] {processor.py:753} INFO - DAG(s) dict_keys(['baseball_hitter_scraping']) retrieved from /opt/airflow/dags/hitter.py
[2025-04-17T14:17:39.082+0000] {logging_mixin.py:137} INFO - [2025-04-17T14:17:39.082+0000] {dag.py:2690} INFO - Sync 1 DAGs
[2025-04-17T14:17:39.092+0000] {logging_mixin.py:137} INFO - [2025-04-17T14:17:39.092+0000] {dag.py:3437} INFO - Setting next_dagrun for baseball_hitter_scraping to None, run_after=None
[2025-04-17T14:17:39.103+0000] {processor.py:175} INFO - Processing /opt/airflow/dags/hitter.py took 0.069 seconds
[2025-04-17T14:18:09.250+0000] {processor.py:153} INFO - Started process (PID=2013) to work on /opt/airflow/dags/hitter.py
[2025-04-17T14:18:09.251+0000] {processor.py:743} INFO - Processing file /opt/airflow/dags/hitter.py for tasks to queue
[2025-04-17T14:18:09.252+0000] {logging_mixin.py:137} INFO - [2025-04-17T14:18:09.252+0000] {dagbag.py:538} INFO - Filling up the DagBag from /opt/airflow/dags/hitter.py
[2025-04-17T14:18:09.281+0000] {processor.py:753} INFO - DAG(s) dict_keys(['baseball_hitter_scraping']) retrieved from /opt/airflow/dags/hitter.py
[2025-04-17T14:18:09.298+0000] {logging_mixin.py:137} INFO - [2025-04-17T14:18:09.298+0000] {dag.py:2690} INFO - Sync 1 DAGs
[2025-04-17T14:18:09.312+0000] {logging_mixin.py:137} INFO - [2025-04-17T14:18:09.312+0000] {dag.py:3437} INFO - Setting next_dagrun for baseball_hitter_scraping to None, run_after=None
[2025-04-17T14:18:09.325+0000] {processor.py:175} INFO - Processing /opt/airflow/dags/hitter.py took 0.077 seconds
[2025-04-17T14:18:39.432+0000] {processor.py:153} INFO - Started process (PID=2063) to work on /opt/airflow/dags/hitter.py
[2025-04-17T14:18:39.432+0000] {processor.py:743} INFO - Processing file /opt/airflow/dags/hitter.py for tasks to queue
[2025-04-17T14:18:39.433+0000] {logging_mixin.py:137} INFO - [2025-04-17T14:18:39.433+0000] {dagbag.py:538} INFO - Filling up the DagBag from /opt/airflow/dags/hitter.py
[2025-04-17T14:18:39.461+0000] {processor.py:753} INFO - DAG(s) dict_keys(['baseball_hitter_scraping']) retrieved from /opt/airflow/dags/hitter.py
[2025-04-17T14:18:39.476+0000] {logging_mixin.py:137} INFO - [2025-04-17T14:18:39.476+0000] {dag.py:2690} INFO - Sync 1 DAGs
[2025-04-17T14:18:39.487+0000] {logging_mixin.py:137} INFO - [2025-04-17T14:18:39.486+0000] {dag.py:3437} INFO - Setting next_dagrun for baseball_hitter_scraping to None, run_after=None
[2025-04-17T14:18:39.495+0000] {processor.py:175} INFO - Processing /opt/airflow/dags/hitter.py took 0.065 seconds
[2025-04-17T14:19:09.627+0000] {processor.py:153} INFO - Started process (PID=2096) to work on /opt/airflow/dags/hitter.py
[2025-04-17T14:19:09.628+0000] {processor.py:743} INFO - Processing file /opt/airflow/dags/hitter.py for tasks to queue
[2025-04-17T14:19:09.628+0000] {logging_mixin.py:137} INFO - [2025-04-17T14:19:09.628+0000] {dagbag.py:538} INFO - Filling up the DagBag from /opt/airflow/dags/hitter.py
[2025-04-17T14:19:09.654+0000] {processor.py:753} INFO - DAG(s) dict_keys(['baseball_hitter_scraping']) retrieved from /opt/airflow/dags/hitter.py
[2025-04-17T14:19:09.668+0000] {logging_mixin.py:137} INFO - [2025-04-17T14:19:09.668+0000] {dag.py:2690} INFO - Sync 1 DAGs
[2025-04-17T14:19:09.678+0000] {logging_mixin.py:137} INFO - [2025-04-17T14:19:09.678+0000] {dag.py:3437} INFO - Setting next_dagrun for baseball_hitter_scraping to None, run_after=None
[2025-04-17T14:19:09.688+0000] {processor.py:175} INFO - Processing /opt/airflow/dags/hitter.py took 0.063 seconds
[2025-04-17T14:19:39.786+0000] {processor.py:153} INFO - Started process (PID=2145) to work on /opt/airflow/dags/hitter.py
[2025-04-17T14:19:39.787+0000] {processor.py:743} INFO - Processing file /opt/airflow/dags/hitter.py for tasks to queue
[2025-04-17T14:19:39.787+0000] {logging_mixin.py:137} INFO - [2025-04-17T14:19:39.787+0000] {dagbag.py:538} INFO - Filling up the DagBag from /opt/airflow/dags/hitter.py
[2025-04-17T14:19:39.814+0000] {processor.py:753} INFO - DAG(s) dict_keys(['baseball_hitter_scraping']) retrieved from /opt/airflow/dags/hitter.py
[2025-04-17T14:19:39.826+0000] {logging_mixin.py:137} INFO - [2025-04-17T14:19:39.826+0000] {dag.py:2690} INFO - Sync 1 DAGs
[2025-04-17T14:19:39.837+0000] {logging_mixin.py:137} INFO - [2025-04-17T14:19:39.837+0000] {dag.py:3437} INFO - Setting next_dagrun for baseball_hitter_scraping to None, run_after=None
[2025-04-17T14:19:39.847+0000] {processor.py:175} INFO - Processing /opt/airflow/dags/hitter.py took 0.062 seconds
[2025-04-17T14:20:09.975+0000] {processor.py:153} INFO - Started process (PID=2194) to work on /opt/airflow/dags/hitter.py
[2025-04-17T14:20:09.976+0000] {processor.py:743} INFO - Processing file /opt/airflow/dags/hitter.py for tasks to queue
[2025-04-17T14:20:09.976+0000] {logging_mixin.py:137} INFO - [2025-04-17T14:20:09.976+0000] {dagbag.py:538} INFO - Filling up the DagBag from /opt/airflow/dags/hitter.py
[2025-04-17T14:20:10.004+0000] {processor.py:753} INFO - DAG(s) dict_keys(['baseball_hitter_scraping']) retrieved from /opt/airflow/dags/hitter.py
[2025-04-17T14:20:10.021+0000] {logging_mixin.py:137} INFO - [2025-04-17T14:20:10.021+0000] {dag.py:2690} INFO - Sync 1 DAGs
[2025-04-17T14:20:10.033+0000] {logging_mixin.py:137} INFO - [2025-04-17T14:20:10.033+0000] {dag.py:3437} INFO - Setting next_dagrun for baseball_hitter_scraping to None, run_after=None
[2025-04-17T14:20:10.043+0000] {processor.py:175} INFO - Processing /opt/airflow/dags/hitter.py took 0.070 seconds
[2025-04-17T14:20:40.156+0000] {processor.py:153} INFO - Started process (PID=2228) to work on /opt/airflow/dags/hitter.py
[2025-04-17T14:20:40.157+0000] {processor.py:743} INFO - Processing file /opt/airflow/dags/hitter.py for tasks to queue
[2025-04-17T14:20:40.157+0000] {logging_mixin.py:137} INFO - [2025-04-17T14:20:40.157+0000] {dagbag.py:538} INFO - Filling up the DagBag from /opt/airflow/dags/hitter.py
[2025-04-17T14:20:40.183+0000] {processor.py:753} INFO - DAG(s) dict_keys(['baseball_hitter_scraping']) retrieved from /opt/airflow/dags/hitter.py
[2025-04-17T14:20:40.196+0000] {logging_mixin.py:137} INFO - [2025-04-17T14:20:40.196+0000] {dag.py:2690} INFO - Sync 1 DAGs
[2025-04-17T14:20:40.207+0000] {logging_mixin.py:137} INFO - [2025-04-17T14:20:40.207+0000] {dag.py:3437} INFO - Setting next_dagrun for baseball_hitter_scraping to None, run_after=None
[2025-04-17T14:20:40.217+0000] {processor.py:175} INFO - Processing /opt/airflow/dags/hitter.py took 0.063 seconds
[2025-04-17T14:21:10.376+0000] {processor.py:153} INFO - Started process (PID=2277) to work on /opt/airflow/dags/hitter.py
[2025-04-17T14:21:10.377+0000] {processor.py:743} INFO - Processing file /opt/airflow/dags/hitter.py for tasks to queue
[2025-04-17T14:21:10.378+0000] {logging_mixin.py:137} INFO - [2025-04-17T14:21:10.377+0000] {dagbag.py:538} INFO - Filling up the DagBag from /opt/airflow/dags/hitter.py
[2025-04-17T14:21:10.403+0000] {processor.py:753} INFO - DAG(s) dict_keys(['baseball_hitter_scraping']) retrieved from /opt/airflow/dags/hitter.py
[2025-04-17T14:21:10.416+0000] {logging_mixin.py:137} INFO - [2025-04-17T14:21:10.416+0000] {dag.py:2690} INFO - Sync 1 DAGs
[2025-04-17T14:21:10.425+0000] {logging_mixin.py:137} INFO - [2025-04-17T14:21:10.425+0000] {dag.py:3437} INFO - Setting next_dagrun for baseball_hitter_scraping to None, run_after=None
[2025-04-17T14:21:10.434+0000] {processor.py:175} INFO - Processing /opt/airflow/dags/hitter.py took 0.060 seconds
[2025-04-17T14:21:40.650+0000] {processor.py:153} INFO - Started process (PID=2311) to work on /opt/airflow/dags/hitter.py
[2025-04-17T14:21:40.650+0000] {processor.py:743} INFO - Processing file /opt/airflow/dags/hitter.py for tasks to queue
[2025-04-17T14:21:40.651+0000] {logging_mixin.py:137} INFO - [2025-04-17T14:21:40.651+0000] {dagbag.py:538} INFO - Filling up the DagBag from /opt/airflow/dags/hitter.py
[2025-04-17T14:21:40.676+0000] {processor.py:753} INFO - DAG(s) dict_keys(['baseball_hitter_scraping']) retrieved from /opt/airflow/dags/hitter.py
[2025-04-17T14:21:40.690+0000] {logging_mixin.py:137} INFO - [2025-04-17T14:21:40.690+0000] {dag.py:2690} INFO - Sync 1 DAGs
[2025-04-17T14:21:40.701+0000] {logging_mixin.py:137} INFO - [2025-04-17T14:21:40.701+0000] {dag.py:3437} INFO - Setting next_dagrun for baseball_hitter_scraping to None, run_after=None
[2025-04-17T14:21:40.710+0000] {processor.py:175} INFO - Processing /opt/airflow/dags/hitter.py took 0.062 seconds
[2025-04-17T14:22:10.896+0000] {processor.py:153} INFO - Started process (PID=2361) to work on /opt/airflow/dags/hitter.py
[2025-04-17T14:22:10.897+0000] {processor.py:743} INFO - Processing file /opt/airflow/dags/hitter.py for tasks to queue
[2025-04-17T14:22:10.898+0000] {logging_mixin.py:137} INFO - [2025-04-17T14:22:10.898+0000] {dagbag.py:538} INFO - Filling up the DagBag from /opt/airflow/dags/hitter.py
[2025-04-17T14:22:10.927+0000] {processor.py:753} INFO - DAG(s) dict_keys(['baseball_hitter_scraping']) retrieved from /opt/airflow/dags/hitter.py
[2025-04-17T14:22:10.942+0000] {logging_mixin.py:137} INFO - [2025-04-17T14:22:10.942+0000] {dag.py:2690} INFO - Sync 1 DAGs
[2025-04-17T14:22:10.954+0000] {logging_mixin.py:137} INFO - [2025-04-17T14:22:10.954+0000] {dag.py:3437} INFO - Setting next_dagrun for baseball_hitter_scraping to None, run_after=None
[2025-04-17T14:22:10.965+0000] {processor.py:175} INFO - Processing /opt/airflow/dags/hitter.py took 0.071 seconds
[2025-04-17T14:22:41.069+0000] {processor.py:153} INFO - Started process (PID=2411) to work on /opt/airflow/dags/hitter.py
[2025-04-17T14:22:41.070+0000] {processor.py:743} INFO - Processing file /opt/airflow/dags/hitter.py for tasks to queue
[2025-04-17T14:22:41.070+0000] {logging_mixin.py:137} INFO - [2025-04-17T14:22:41.070+0000] {dagbag.py:538} INFO - Filling up the DagBag from /opt/airflow/dags/hitter.py
[2025-04-17T14:22:41.096+0000] {processor.py:753} INFO - DAG(s) dict_keys(['baseball_hitter_scraping']) retrieved from /opt/airflow/dags/hitter.py
[2025-04-17T14:22:41.109+0000] {logging_mixin.py:137} INFO - [2025-04-17T14:22:41.109+0000] {dag.py:2690} INFO - Sync 1 DAGs
[2025-04-17T14:22:41.121+0000] {logging_mixin.py:137} INFO - [2025-04-17T14:22:41.121+0000] {dag.py:3437} INFO - Setting next_dagrun for baseball_hitter_scraping to None, run_after=None
[2025-04-17T14:22:41.137+0000] {processor.py:175} INFO - Processing /opt/airflow/dags/hitter.py took 0.070 seconds
[2025-04-17T14:23:11.252+0000] {processor.py:153} INFO - Started process (PID=2445) to work on /opt/airflow/dags/hitter.py
[2025-04-17T14:23:11.252+0000] {processor.py:743} INFO - Processing file /opt/airflow/dags/hitter.py for tasks to queue
[2025-04-17T14:23:11.253+0000] {logging_mixin.py:137} INFO - [2025-04-17T14:23:11.253+0000] {dagbag.py:538} INFO - Filling up the DagBag from /opt/airflow/dags/hitter.py
[2025-04-17T14:23:11.279+0000] {processor.py:753} INFO - DAG(s) dict_keys(['baseball_hitter_scraping']) retrieved from /opt/airflow/dags/hitter.py
[2025-04-17T14:23:11.295+0000] {logging_mixin.py:137} INFO - [2025-04-17T14:23:11.295+0000] {dag.py:2690} INFO - Sync 1 DAGs
[2025-04-17T14:23:11.309+0000] {logging_mixin.py:137} INFO - [2025-04-17T14:23:11.308+0000] {dag.py:3437} INFO - Setting next_dagrun for baseball_hitter_scraping to None, run_after=None
[2025-04-17T14:23:11.320+0000] {processor.py:175} INFO - Processing /opt/airflow/dags/hitter.py took 0.070 seconds
[2025-04-17T14:23:41.442+0000] {processor.py:153} INFO - Started process (PID=2495) to work on /opt/airflow/dags/hitter.py
[2025-04-17T14:23:41.443+0000] {processor.py:743} INFO - Processing file /opt/airflow/dags/hitter.py for tasks to queue
[2025-04-17T14:23:41.444+0000] {logging_mixin.py:137} INFO - [2025-04-17T14:23:41.444+0000] {dagbag.py:538} INFO - Filling up the DagBag from /opt/airflow/dags/hitter.py
[2025-04-17T14:23:41.479+0000] {processor.py:753} INFO - DAG(s) dict_keys(['baseball_hitter_scraping']) retrieved from /opt/airflow/dags/hitter.py
[2025-04-17T14:23:41.503+0000] {logging_mixin.py:137} INFO - [2025-04-17T14:23:41.503+0000] {dag.py:2690} INFO - Sync 1 DAGs
[2025-04-17T14:23:41.518+0000] {logging_mixin.py:137} INFO - [2025-04-17T14:23:41.518+0000] {dag.py:3437} INFO - Setting next_dagrun for baseball_hitter_scraping to None, run_after=None
[2025-04-17T14:23:41.532+0000] {processor.py:175} INFO - Processing /opt/airflow/dags/hitter.py took 0.092 seconds
[2025-04-17T14:24:11.649+0000] {processor.py:153} INFO - Started process (PID=2545) to work on /opt/airflow/dags/hitter.py
[2025-04-17T14:24:11.649+0000] {processor.py:743} INFO - Processing file /opt/airflow/dags/hitter.py for tasks to queue
[2025-04-17T14:24:11.650+0000] {logging_mixin.py:137} INFO - [2025-04-17T14:24:11.650+0000] {dagbag.py:538} INFO - Filling up the DagBag from /opt/airflow/dags/hitter.py
[2025-04-17T14:24:11.675+0000] {processor.py:753} INFO - DAG(s) dict_keys(['baseball_hitter_scraping']) retrieved from /opt/airflow/dags/hitter.py
[2025-04-17T14:24:11.688+0000] {logging_mixin.py:137} INFO - [2025-04-17T14:24:11.688+0000] {dag.py:2690} INFO - Sync 1 DAGs
[2025-04-17T14:24:11.697+0000] {logging_mixin.py:137} INFO - [2025-04-17T14:24:11.697+0000] {dag.py:3437} INFO - Setting next_dagrun for baseball_hitter_scraping to None, run_after=None
[2025-04-17T14:24:11.705+0000] {processor.py:175} INFO - Processing /opt/airflow/dags/hitter.py took 0.060 seconds
[2025-04-17T14:24:41.871+0000] {processor.py:153} INFO - Started process (PID=2579) to work on /opt/airflow/dags/hitter.py
[2025-04-17T14:24:41.871+0000] {processor.py:743} INFO - Processing file /opt/airflow/dags/hitter.py for tasks to queue
[2025-04-17T14:24:41.872+0000] {logging_mixin.py:137} INFO - [2025-04-17T14:24:41.872+0000] {dagbag.py:538} INFO - Filling up the DagBag from /opt/airflow/dags/hitter.py
[2025-04-17T14:24:41.896+0000] {processor.py:753} INFO - DAG(s) dict_keys(['baseball_hitter_scraping']) retrieved from /opt/airflow/dags/hitter.py
[2025-04-17T14:24:41.909+0000] {logging_mixin.py:137} INFO - [2025-04-17T14:24:41.909+0000] {dag.py:2690} INFO - Sync 1 DAGs
[2025-04-17T14:24:41.920+0000] {logging_mixin.py:137} INFO - [2025-04-17T14:24:41.919+0000] {dag.py:3437} INFO - Setting next_dagrun for baseball_hitter_scraping to None, run_after=None
[2025-04-17T14:24:41.929+0000] {processor.py:175} INFO - Processing /opt/airflow/dags/hitter.py took 0.060 seconds
[2025-04-17T14:25:12.117+0000] {processor.py:153} INFO - Started process (PID=2628) to work on /opt/airflow/dags/hitter.py
[2025-04-17T14:25:12.118+0000] {processor.py:743} INFO - Processing file /opt/airflow/dags/hitter.py for tasks to queue
[2025-04-17T14:25:12.118+0000] {logging_mixin.py:137} INFO - [2025-04-17T14:25:12.118+0000] {dagbag.py:538} INFO - Filling up the DagBag from /opt/airflow/dags/hitter.py
[2025-04-17T14:25:12.145+0000] {processor.py:753} INFO - DAG(s) dict_keys(['baseball_hitter_scraping']) retrieved from /opt/airflow/dags/hitter.py
[2025-04-17T14:25:12.161+0000] {logging_mixin.py:137} INFO - [2025-04-17T14:25:12.161+0000] {dag.py:2690} INFO - Sync 1 DAGs
[2025-04-17T14:25:12.171+0000] {logging_mixin.py:137} INFO - [2025-04-17T14:25:12.171+0000] {dag.py:3437} INFO - Setting next_dagrun for baseball_hitter_scraping to None, run_after=None
[2025-04-17T14:25:12.181+0000] {processor.py:175} INFO - Processing /opt/airflow/dags/hitter.py took 0.066 seconds
[2025-04-17T14:25:42.285+0000] {processor.py:153} INFO - Started process (PID=2669) to work on /opt/airflow/dags/hitter.py
[2025-04-17T14:25:42.286+0000] {processor.py:743} INFO - Processing file /opt/airflow/dags/hitter.py for tasks to queue
[2025-04-17T14:25:42.286+0000] {logging_mixin.py:137} INFO - [2025-04-17T14:25:42.286+0000] {dagbag.py:538} INFO - Filling up the DagBag from /opt/airflow/dags/hitter.py
[2025-04-17T14:25:42.379+0000] {processor.py:753} INFO - DAG(s) dict_keys(['baseball_hitter_scraping']) retrieved from /opt/airflow/dags/hitter.py
[2025-04-17T14:25:42.397+0000] {logging_mixin.py:137} INFO - [2025-04-17T14:25:42.397+0000] {dag.py:2690} INFO - Sync 1 DAGs
[2025-04-17T14:25:42.407+0000] {logging_mixin.py:137} INFO - [2025-04-17T14:25:42.407+0000] {dag.py:3437} INFO - Setting next_dagrun for baseball_hitter_scraping to None, run_after=None
[2025-04-17T14:25:42.418+0000] {processor.py:175} INFO - Processing /opt/airflow/dags/hitter.py took 0.134 seconds
[2025-04-17T14:26:12.523+0000] {processor.py:153} INFO - Started process (PID=2712) to work on /opt/airflow/dags/hitter.py
[2025-04-17T14:26:12.524+0000] {processor.py:743} INFO - Processing file /opt/airflow/dags/hitter.py for tasks to queue
[2025-04-17T14:26:12.525+0000] {logging_mixin.py:137} INFO - [2025-04-17T14:26:12.524+0000] {dagbag.py:538} INFO - Filling up the DagBag from /opt/airflow/dags/hitter.py
[2025-04-17T14:26:12.551+0000] {processor.py:753} INFO - DAG(s) dict_keys(['baseball_hitter_scraping']) retrieved from /opt/airflow/dags/hitter.py
[2025-04-17T14:26:12.564+0000] {logging_mixin.py:137} INFO - [2025-04-17T14:26:12.564+0000] {dag.py:2690} INFO - Sync 1 DAGs
[2025-04-17T14:26:12.576+0000] {logging_mixin.py:137} INFO - [2025-04-17T14:26:12.576+0000] {dag.py:3437} INFO - Setting next_dagrun for baseball_hitter_scraping to None, run_after=None
[2025-04-17T14:26:12.585+0000] {processor.py:175} INFO - Processing /opt/airflow/dags/hitter.py took 0.064 seconds
[2025-04-17T14:26:42.703+0000] {processor.py:153} INFO - Started process (PID=2762) to work on /opt/airflow/dags/hitter.py
[2025-04-17T14:26:42.703+0000] {processor.py:743} INFO - Processing file /opt/airflow/dags/hitter.py for tasks to queue
[2025-04-17T14:26:42.704+0000] {logging_mixin.py:137} INFO - [2025-04-17T14:26:42.704+0000] {dagbag.py:538} INFO - Filling up the DagBag from /opt/airflow/dags/hitter.py
[2025-04-17T14:26:42.731+0000] {processor.py:753} INFO - DAG(s) dict_keys(['baseball_hitter_scraping']) retrieved from /opt/airflow/dags/hitter.py
[2025-04-17T14:26:42.749+0000] {logging_mixin.py:137} INFO - [2025-04-17T14:26:42.749+0000] {dag.py:2690} INFO - Sync 1 DAGs
[2025-04-17T14:26:42.765+0000] {logging_mixin.py:137} INFO - [2025-04-17T14:26:42.765+0000] {dag.py:3437} INFO - Setting next_dagrun for baseball_hitter_scraping to None, run_after=None
[2025-04-17T14:26:42.777+0000] {processor.py:175} INFO - Processing /opt/airflow/dags/hitter.py took 0.076 seconds
[2025-04-17T14:27:12.827+0000] {processor.py:153} INFO - Started process (PID=2796) to work on /opt/airflow/dags/hitter.py
[2025-04-17T14:27:12.827+0000] {processor.py:743} INFO - Processing file /opt/airflow/dags/hitter.py for tasks to queue
[2025-04-17T14:27:12.828+0000] {logging_mixin.py:137} INFO - [2025-04-17T14:27:12.827+0000] {dagbag.py:538} INFO - Filling up the DagBag from /opt/airflow/dags/hitter.py
[2025-04-17T14:27:12.851+0000] {processor.py:753} INFO - DAG(s) dict_keys(['baseball_hitter_scraping']) retrieved from /opt/airflow/dags/hitter.py
[2025-04-17T14:27:12.864+0000] {logging_mixin.py:137} INFO - [2025-04-17T14:27:12.864+0000] {dag.py:2690} INFO - Sync 1 DAGs
[2025-04-17T14:27:12.875+0000] {logging_mixin.py:137} INFO - [2025-04-17T14:27:12.875+0000] {dag.py:3437} INFO - Setting next_dagrun for baseball_hitter_scraping to None, run_after=None
[2025-04-17T14:27:12.884+0000] {processor.py:175} INFO - Processing /opt/airflow/dags/hitter.py took 0.060 seconds
[2025-04-17T14:27:43.017+0000] {processor.py:153} INFO - Started process (PID=2846) to work on /opt/airflow/dags/hitter.py
[2025-04-17T14:27:43.018+0000] {processor.py:743} INFO - Processing file /opt/airflow/dags/hitter.py for tasks to queue
[2025-04-17T14:27:43.018+0000] {logging_mixin.py:137} INFO - [2025-04-17T14:27:43.018+0000] {dagbag.py:538} INFO - Filling up the DagBag from /opt/airflow/dags/hitter.py
[2025-04-17T14:27:43.047+0000] {processor.py:753} INFO - DAG(s) dict_keys(['baseball_hitter_scraping']) retrieved from /opt/airflow/dags/hitter.py
[2025-04-17T14:27:43.062+0000] {logging_mixin.py:137} INFO - [2025-04-17T14:27:43.062+0000] {dag.py:2690} INFO - Sync 1 DAGs
[2025-04-17T14:27:43.074+0000] {logging_mixin.py:137} INFO - [2025-04-17T14:27:43.074+0000] {dag.py:3437} INFO - Setting next_dagrun for baseball_hitter_scraping to None, run_after=None
[2025-04-17T14:27:43.085+0000] {processor.py:175} INFO - Processing /opt/airflow/dags/hitter.py took 0.071 seconds
[2025-04-17T14:35:57.700+0000] {processor.py:153} INFO - Started process (PID=2848) to work on /opt/airflow/dags/hitter.py
[2025-04-17T14:35:57.705+0000] {processor.py:743} INFO - Processing file /opt/airflow/dags/hitter.py for tasks to queue
[2025-04-17T14:35:57.707+0000] {logging_mixin.py:137} INFO - [2025-04-17T14:35:57.706+0000] {dagbag.py:538} INFO - Filling up the DagBag from /opt/airflow/dags/hitter.py
[2025-04-17T14:35:57.775+0000] {processor.py:753} INFO - DAG(s) dict_keys(['baseball_hitter_scraping']) retrieved from /opt/airflow/dags/hitter.py
[2025-04-17T14:35:57.801+0000] {logging_mixin.py:137} INFO - [2025-04-17T14:35:57.801+0000] {dag.py:2690} INFO - Sync 1 DAGs
[2025-04-17T14:35:57.821+0000] {logging_mixin.py:137} INFO - [2025-04-17T14:35:57.821+0000] {dag.py:3437} INFO - Setting next_dagrun for baseball_hitter_scraping to None, run_after=None
[2025-04-17T14:35:57.834+0000] {processor.py:175} INFO - Processing /opt/airflow/dags/hitter.py took 0.143 seconds
[2025-04-17T14:36:02.325+0000] {processor.py:153} INFO - Started process (PID=2865) to work on /opt/airflow/dags/hitter.py
[2025-04-17T14:36:02.326+0000] {processor.py:743} INFO - Processing file /opt/airflow/dags/hitter.py for tasks to queue
[2025-04-17T14:36:02.327+0000] {logging_mixin.py:137} INFO - [2025-04-17T14:36:02.327+0000] {dagbag.py:538} INFO - Filling up the DagBag from /opt/airflow/dags/hitter.py
[2025-04-17T14:36:02.354+0000] {processor.py:753} INFO - DAG(s) dict_keys(['baseball_hitter_scraping']) retrieved from /opt/airflow/dags/hitter.py
[2025-04-17T14:36:02.369+0000] {logging_mixin.py:137} INFO - [2025-04-17T14:36:02.369+0000] {taskinstance.py:1770} ERROR - {'DAG Id': 'baseball_hitter_scraping', 'Task Id': 'scrape_players_50007_to_60000', 'Run Id': 'manual__2025-04-17T14:06:41.118024+00:00', 'Hostname': 'd8e5b077da40', 'External Executor Id': '3514aa52-c0f1-434e-ae77-da6ad6b053a9'}
[2025-04-17T14:36:02.377+0000] {logging_mixin.py:137} INFO - [2025-04-17T14:36:02.377+0000] {taskinstance.py:1318} INFO - Marking task as UP_FOR_RETRY. dag_id=baseball_hitter_scraping, task_id=scrape_players_50007_to_60000, execution_date=20250417T140641, start_date=20250417T140644, end_date=20250417T143602
[2025-04-17T14:36:02.382+0000] {processor.py:713} INFO - Executed failure callback for <TaskInstance: baseball_hitter_scraping.scrape_players_50007_to_60000 manual__2025-04-17T14:06:41.118024+00:00 [up_for_retry]> in state up_for_retry
[2025-04-17T14:36:02.390+0000] {logging_mixin.py:137} INFO - [2025-04-17T14:36:02.390+0000] {dag.py:2690} INFO - Sync 1 DAGs
[2025-04-17T14:36:02.400+0000] {logging_mixin.py:137} INFO - [2025-04-17T14:36:02.400+0000] {dag.py:3437} INFO - Setting next_dagrun for baseball_hitter_scraping to None, run_after=None
[2025-04-17T14:36:02.411+0000] {processor.py:175} INFO - Processing /opt/airflow/dags/hitter.py took 0.088 seconds
[2025-04-17T14:36:32.515+0000] {processor.py:153} INFO - Started process (PID=2899) to work on /opt/airflow/dags/hitter.py
[2025-04-17T14:36:32.516+0000] {processor.py:743} INFO - Processing file /opt/airflow/dags/hitter.py for tasks to queue
[2025-04-17T14:36:32.517+0000] {logging_mixin.py:137} INFO - [2025-04-17T14:36:32.517+0000] {dagbag.py:538} INFO - Filling up the DagBag from /opt/airflow/dags/hitter.py
[2025-04-17T14:36:32.552+0000] {processor.py:753} INFO - DAG(s) dict_keys(['baseball_hitter_scraping']) retrieved from /opt/airflow/dags/hitter.py
[2025-04-17T14:36:32.562+0000] {logging_mixin.py:137} INFO - [2025-04-17T14:36:32.562+0000] {taskinstance.py:1770} ERROR - {'DAG Id': 'baseball_hitter_scraping', 'Task Id': 'scrape_players_90001_to_99811', 'Run Id': 'manual__2025-04-17T14:06:41.118024+00:00', 'Hostname': 'd8e5b077da40', 'External Executor Id': '62212fc4-393d-41f5-8a08-8d7d1e33c360'}
[2025-04-17T14:36:32.568+0000] {logging_mixin.py:137} INFO - [2025-04-17T14:36:32.568+0000] {taskinstance.py:1318} INFO - Marking task as UP_FOR_RETRY. dag_id=baseball_hitter_scraping, task_id=scrape_players_90001_to_99811, execution_date=20250417T140641, start_date=20250417T140644, end_date=20250417T143632
[2025-04-17T14:36:32.572+0000] {processor.py:713} INFO - Executed failure callback for <TaskInstance: baseball_hitter_scraping.scrape_players_90001_to_99811 manual__2025-04-17T14:06:41.118024+00:00 [up_for_retry]> in state up_for_retry
[2025-04-17T14:36:32.573+0000] {logging_mixin.py:137} INFO - [2025-04-17T14:36:32.572+0000] {taskinstance.py:1770} ERROR - {'DAG Id': 'baseball_hitter_scraping', 'Task Id': 'scrape_players_60001_to_70000', 'Run Id': 'manual__2025-04-17T14:06:41.118024+00:00', 'Hostname': 'd8e5b077da40', 'External Executor Id': '09bd1d03-8c1b-4912-9f63-520c29fe0650'}
[2025-04-17T14:36:32.575+0000] {logging_mixin.py:137} INFO - [2025-04-17T14:36:32.575+0000] {taskinstance.py:1318} INFO - Marking task as UP_FOR_RETRY. dag_id=baseball_hitter_scraping, task_id=scrape_players_60001_to_70000, execution_date=20250417T140641, start_date=20250417T140643, end_date=20250417T143632
[2025-04-17T14:36:32.576+0000] {processor.py:713} INFO - Executed failure callback for <TaskInstance: baseball_hitter_scraping.scrape_players_60001_to_70000 manual__2025-04-17T14:06:41.118024+00:00 [up_for_retry]> in state up_for_retry
[2025-04-17T14:36:32.577+0000] {logging_mixin.py:137} INFO - [2025-04-17T14:36:32.577+0000] {taskinstance.py:1770} ERROR - {'DAG Id': 'baseball_hitter_scraping', 'Task Id': 'scrape_players_80001_to_90000', 'Run Id': 'manual__2025-04-17T14:06:41.118024+00:00', 'Hostname': 'd8e5b077da40', 'External Executor Id': 'c5986f41-de74-47aa-aaf8-247107053f2a'}
[2025-04-17T14:36:32.579+0000] {logging_mixin.py:137} INFO - [2025-04-17T14:36:32.579+0000] {taskinstance.py:1318} INFO - Marking task as UP_FOR_RETRY. dag_id=baseball_hitter_scraping, task_id=scrape_players_80001_to_90000, execution_date=20250417T140641, start_date=20250417T140644, end_date=20250417T143632
[2025-04-17T14:36:32.580+0000] {processor.py:713} INFO - Executed failure callback for <TaskInstance: baseball_hitter_scraping.scrape_players_80001_to_90000 manual__2025-04-17T14:06:41.118024+00:00 [up_for_retry]> in state up_for_retry
[2025-04-17T14:36:32.581+0000] {logging_mixin.py:137} INFO - [2025-04-17T14:36:32.581+0000] {taskinstance.py:1770} ERROR - {'DAG Id': 'baseball_hitter_scraping', 'Task Id': 'scrape_players_70001_to_80000', 'Run Id': 'manual__2025-04-17T14:06:41.118024+00:00', 'Hostname': 'd8e5b077da40', 'External Executor Id': 'ca4397c4-29f1-4972-a7dc-bda9ba7c38dd'}
[2025-04-17T14:36:32.584+0000] {logging_mixin.py:137} INFO - [2025-04-17T14:36:32.584+0000] {taskinstance.py:1318} INFO - Marking task as UP_FOR_RETRY. dag_id=baseball_hitter_scraping, task_id=scrape_players_70001_to_80000, execution_date=20250417T140641, start_date=20250417T140644, end_date=20250417T143632
[2025-04-17T14:36:32.585+0000] {processor.py:713} INFO - Executed failure callback for <TaskInstance: baseball_hitter_scraping.scrape_players_70001_to_80000 manual__2025-04-17T14:06:41.118024+00:00 [up_for_retry]> in state up_for_retry
[2025-04-17T14:36:32.592+0000] {logging_mixin.py:137} INFO - [2025-04-17T14:36:32.592+0000] {dag.py:2690} INFO - Sync 1 DAGs
[2025-04-17T14:36:32.600+0000] {logging_mixin.py:137} INFO - [2025-04-17T14:36:32.600+0000] {dag.py:3437} INFO - Setting next_dagrun for baseball_hitter_scraping to None, run_after=None
[2025-04-17T14:36:32.606+0000] {processor.py:175} INFO - Processing /opt/airflow/dags/hitter.py took 0.097 seconds
