[2025-04-17T14:15:04.985+0000] {processor.py:153} INFO - Started process (PID=1745) to work on /opt/airflow/dags/pitcher.py
[2025-04-17T14:15:04.986+0000] {processor.py:743} INFO - Processing file /opt/airflow/dags/pitcher.py for tasks to queue
[2025-04-17T14:15:04.986+0000] {logging_mixin.py:137} INFO - [2025-04-17T14:15:04.986+0000] {dagbag.py:538} INFO - Filling up the DagBag from /opt/airflow/dags/pitcher.py
[2025-04-17T14:15:05.012+0000] {logging_mixin.py:137} INFO - [2025-04-17T14:15:05.011+0000] {dagbag.py:343} ERROR - Failed to import: /opt/airflow/dags/pitcher.py
Traceback (most recent call last):
  File "/home/airflow/.local/lib/python3.10/site-packages/airflow/models/dagbag.py", line 339, in parse
    loader.exec_module(new_module)
  File "<frozen importlib._bootstrap_external>", line 883, in exec_module
  File "<frozen importlib._bootstrap>", line 241, in _call_with_frames_removed
  File "/opt/airflow/dags/pitcher.py", line 56, in <module>
    class BaseballDataScraper:
  File "/opt/airflow/dags/pitcher.py", line 194, in BaseballDataScraper
    async def goto_with_retry(self, page: Page, url: str, max_retries: int = 3):
NameError: name 'Page' is not defined
[2025-04-17T14:15:05.013+0000] {processor.py:755} WARNING - No viable dags retrieved from /opt/airflow/dags/pitcher.py
[2025-04-17T14:15:05.026+0000] {processor.py:175} INFO - Processing /opt/airflow/dags/pitcher.py took 0.043 seconds
[2025-04-17T14:15:35.226+0000] {processor.py:153} INFO - Started process (PID=1795) to work on /opt/airflow/dags/pitcher.py
[2025-04-17T14:15:35.232+0000] {processor.py:743} INFO - Processing file /opt/airflow/dags/pitcher.py for tasks to queue
[2025-04-17T14:15:35.235+0000] {logging_mixin.py:137} INFO - [2025-04-17T14:15:35.235+0000] {dagbag.py:538} INFO - Filling up the DagBag from /opt/airflow/dags/pitcher.py
[2025-04-17T14:15:35.276+0000] {logging_mixin.py:137} INFO - [2025-04-17T14:15:35.274+0000] {dagbag.py:343} ERROR - Failed to import: /opt/airflow/dags/pitcher.py
Traceback (most recent call last):
  File "/home/airflow/.local/lib/python3.10/site-packages/airflow/models/dagbag.py", line 339, in parse
    loader.exec_module(new_module)
  File "<frozen importlib._bootstrap_external>", line 883, in exec_module
  File "<frozen importlib._bootstrap>", line 241, in _call_with_frames_removed
  File "/opt/airflow/dags/pitcher.py", line 56, in <module>
    class BaseballDataScraper:
  File "/opt/airflow/dags/pitcher.py", line 194, in BaseballDataScraper
    async def goto_with_retry(self, page: Page, url: str, max_retries: int = 3):
NameError: name 'Page' is not defined
[2025-04-17T14:15:35.276+0000] {processor.py:755} WARNING - No viable dags retrieved from /opt/airflow/dags/pitcher.py
[2025-04-17T14:15:35.291+0000] {processor.py:175} INFO - Processing /opt/airflow/dags/pitcher.py took 0.073 seconds
[2025-04-17T14:16:05.335+0000] {processor.py:153} INFO - Started process (PID=1829) to work on /opt/airflow/dags/pitcher.py
[2025-04-17T14:16:05.336+0000] {processor.py:743} INFO - Processing file /opt/airflow/dags/pitcher.py for tasks to queue
[2025-04-17T14:16:05.337+0000] {logging_mixin.py:137} INFO - [2025-04-17T14:16:05.337+0000] {dagbag.py:538} INFO - Filling up the DagBag from /opt/airflow/dags/pitcher.py
[2025-04-17T14:16:05.360+0000] {logging_mixin.py:137} INFO - [2025-04-17T14:16:05.358+0000] {dagbag.py:343} ERROR - Failed to import: /opt/airflow/dags/pitcher.py
Traceback (most recent call last):
  File "/home/airflow/.local/lib/python3.10/site-packages/airflow/models/dagbag.py", line 339, in parse
    loader.exec_module(new_module)
  File "<frozen importlib._bootstrap_external>", line 883, in exec_module
  File "<frozen importlib._bootstrap>", line 241, in _call_with_frames_removed
  File "/opt/airflow/dags/pitcher.py", line 56, in <module>
    class BaseballDataScraper:
  File "/opt/airflow/dags/pitcher.py", line 194, in BaseballDataScraper
    async def goto_with_retry(self, page: Page, url: str, max_retries: int = 3):
NameError: name 'Page' is not defined
[2025-04-17T14:16:05.361+0000] {processor.py:755} WARNING - No viable dags retrieved from /opt/airflow/dags/pitcher.py
[2025-04-17T14:16:05.373+0000] {processor.py:175} INFO - Processing /opt/airflow/dags/pitcher.py took 0.040 seconds
[2025-04-17T14:16:35.557+0000] {processor.py:153} INFO - Started process (PID=1879) to work on /opt/airflow/dags/pitcher.py
[2025-04-17T14:16:35.558+0000] {processor.py:743} INFO - Processing file /opt/airflow/dags/pitcher.py for tasks to queue
[2025-04-17T14:16:35.558+0000] {logging_mixin.py:137} INFO - [2025-04-17T14:16:35.558+0000] {dagbag.py:538} INFO - Filling up the DagBag from /opt/airflow/dags/pitcher.py
[2025-04-17T14:16:35.592+0000] {logging_mixin.py:137} INFO - [2025-04-17T14:16:35.591+0000] {dagbag.py:343} ERROR - Failed to import: /opt/airflow/dags/pitcher.py
Traceback (most recent call last):
  File "/home/airflow/.local/lib/python3.10/site-packages/airflow/models/dagbag.py", line 339, in parse
    loader.exec_module(new_module)
  File "<frozen importlib._bootstrap_external>", line 883, in exec_module
  File "<frozen importlib._bootstrap>", line 241, in _call_with_frames_removed
  File "/opt/airflow/dags/pitcher.py", line 56, in <module>
    class BaseballDataScraper:
  File "/opt/airflow/dags/pitcher.py", line 194, in BaseballDataScraper
    async def goto_with_retry(self, page: Page, url: str, max_retries: int = 3):
NameError: name 'Page' is not defined
[2025-04-17T14:16:35.593+0000] {processor.py:755} WARNING - No viable dags retrieved from /opt/airflow/dags/pitcher.py
[2025-04-17T14:16:35.604+0000] {processor.py:175} INFO - Processing /opt/airflow/dags/pitcher.py took 0.051 seconds
[2025-04-17T14:17:05.790+0000] {processor.py:153} INFO - Started process (PID=1913) to work on /opt/airflow/dags/pitcher.py
[2025-04-17T14:17:05.791+0000] {processor.py:743} INFO - Processing file /opt/airflow/dags/pitcher.py for tasks to queue
[2025-04-17T14:17:05.792+0000] {logging_mixin.py:137} INFO - [2025-04-17T14:17:05.792+0000] {dagbag.py:538} INFO - Filling up the DagBag from /opt/airflow/dags/pitcher.py
[2025-04-17T14:17:05.819+0000] {logging_mixin.py:137} INFO - [2025-04-17T14:17:05.817+0000] {dagbag.py:343} ERROR - Failed to import: /opt/airflow/dags/pitcher.py
Traceback (most recent call last):
  File "/home/airflow/.local/lib/python3.10/site-packages/airflow/models/dagbag.py", line 339, in parse
    loader.exec_module(new_module)
  File "<frozen importlib._bootstrap_external>", line 883, in exec_module
  File "<frozen importlib._bootstrap>", line 241, in _call_with_frames_removed
  File "/opt/airflow/dags/pitcher.py", line 56, in <module>
    class BaseballDataScraper:
  File "/opt/airflow/dags/pitcher.py", line 194, in BaseballDataScraper
    async def goto_with_retry(self, page: Page, url: str, max_retries: int = 3):
NameError: name 'Page' is not defined
[2025-04-17T14:17:05.819+0000] {processor.py:755} WARNING - No viable dags retrieved from /opt/airflow/dags/pitcher.py
[2025-04-17T14:17:05.831+0000] {processor.py:175} INFO - Processing /opt/airflow/dags/pitcher.py took 0.046 seconds
[2025-04-17T14:17:36.014+0000] {processor.py:153} INFO - Started process (PID=1963) to work on /opt/airflow/dags/pitcher.py
[2025-04-17T14:17:36.015+0000] {processor.py:743} INFO - Processing file /opt/airflow/dags/pitcher.py for tasks to queue
[2025-04-17T14:17:36.015+0000] {logging_mixin.py:137} INFO - [2025-04-17T14:17:36.015+0000] {dagbag.py:538} INFO - Filling up the DagBag from /opt/airflow/dags/pitcher.py
[2025-04-17T14:17:36.039+0000] {logging_mixin.py:137} INFO - [2025-04-17T14:17:36.038+0000] {dagbag.py:343} ERROR - Failed to import: /opt/airflow/dags/pitcher.py
Traceback (most recent call last):
  File "/home/airflow/.local/lib/python3.10/site-packages/airflow/models/dagbag.py", line 339, in parse
    loader.exec_module(new_module)
  File "<frozen importlib._bootstrap_external>", line 883, in exec_module
  File "<frozen importlib._bootstrap>", line 241, in _call_with_frames_removed
  File "/opt/airflow/dags/pitcher.py", line 56, in <module>
    class BaseballDataScraper:
  File "/opt/airflow/dags/pitcher.py", line 194, in BaseballDataScraper
    async def goto_with_retry(self, page: Page, url: str, max_retries: int = 3):
NameError: name 'Page' is not defined
[2025-04-17T14:17:36.040+0000] {processor.py:755} WARNING - No viable dags retrieved from /opt/airflow/dags/pitcher.py
[2025-04-17T14:17:36.054+0000] {processor.py:175} INFO - Processing /opt/airflow/dags/pitcher.py took 0.042 seconds
[2025-04-17T14:18:06.236+0000] {processor.py:153} INFO - Started process (PID=2012) to work on /opt/airflow/dags/pitcher.py
[2025-04-17T14:18:06.236+0000] {processor.py:743} INFO - Processing file /opt/airflow/dags/pitcher.py for tasks to queue
[2025-04-17T14:18:06.237+0000] {logging_mixin.py:137} INFO - [2025-04-17T14:18:06.237+0000] {dagbag.py:538} INFO - Filling up the DagBag from /opt/airflow/dags/pitcher.py
[2025-04-17T14:18:06.259+0000] {logging_mixin.py:137} INFO - [2025-04-17T14:18:06.258+0000] {dagbag.py:343} ERROR - Failed to import: /opt/airflow/dags/pitcher.py
Traceback (most recent call last):
  File "/home/airflow/.local/lib/python3.10/site-packages/airflow/models/dagbag.py", line 339, in parse
    loader.exec_module(new_module)
  File "<frozen importlib._bootstrap_external>", line 883, in exec_module
  File "<frozen importlib._bootstrap>", line 241, in _call_with_frames_removed
  File "/opt/airflow/dags/pitcher.py", line 56, in <module>
    class BaseballDataScraper:
  File "/opt/airflow/dags/pitcher.py", line 194, in BaseballDataScraper
    async def goto_with_retry(self, page: Page, url: str, max_retries: int = 3):
NameError: name 'Page' is not defined
[2025-04-17T14:18:06.260+0000] {processor.py:755} WARNING - No viable dags retrieved from /opt/airflow/dags/pitcher.py
[2025-04-17T14:18:06.271+0000] {processor.py:175} INFO - Processing /opt/airflow/dags/pitcher.py took 0.038 seconds
[2025-04-17T14:18:36.402+0000] {processor.py:153} INFO - Started process (PID=2046) to work on /opt/airflow/dags/pitcher.py
[2025-04-17T14:18:36.403+0000] {processor.py:743} INFO - Processing file /opt/airflow/dags/pitcher.py for tasks to queue
[2025-04-17T14:18:36.403+0000] {logging_mixin.py:137} INFO - [2025-04-17T14:18:36.403+0000] {dagbag.py:538} INFO - Filling up the DagBag from /opt/airflow/dags/pitcher.py
[2025-04-17T14:18:36.424+0000] {logging_mixin.py:137} INFO - [2025-04-17T14:18:36.423+0000] {dagbag.py:343} ERROR - Failed to import: /opt/airflow/dags/pitcher.py
Traceback (most recent call last):
  File "/home/airflow/.local/lib/python3.10/site-packages/airflow/models/dagbag.py", line 339, in parse
    loader.exec_module(new_module)
  File "<frozen importlib._bootstrap_external>", line 883, in exec_module
  File "<frozen importlib._bootstrap>", line 241, in _call_with_frames_removed
  File "/opt/airflow/dags/pitcher.py", line 56, in <module>
    class BaseballDataScraper:
  File "/opt/airflow/dags/pitcher.py", line 194, in BaseballDataScraper
    async def goto_with_retry(self, page: Page, url: str, max_retries: int = 3):
NameError: name 'Page' is not defined
[2025-04-17T14:18:36.425+0000] {processor.py:755} WARNING - No viable dags retrieved from /opt/airflow/dags/pitcher.py
[2025-04-17T14:18:36.435+0000] {processor.py:175} INFO - Processing /opt/airflow/dags/pitcher.py took 0.034 seconds
[2025-04-17T14:19:06.585+0000] {processor.py:153} INFO - Started process (PID=2095) to work on /opt/airflow/dags/pitcher.py
[2025-04-17T14:19:06.586+0000] {processor.py:743} INFO - Processing file /opt/airflow/dags/pitcher.py for tasks to queue
[2025-04-17T14:19:06.587+0000] {logging_mixin.py:137} INFO - [2025-04-17T14:19:06.587+0000] {dagbag.py:538} INFO - Filling up the DagBag from /opt/airflow/dags/pitcher.py
[2025-04-17T14:19:06.618+0000] {logging_mixin.py:137} INFO - [2025-04-17T14:19:06.617+0000] {dagbag.py:343} ERROR - Failed to import: /opt/airflow/dags/pitcher.py
Traceback (most recent call last):
  File "/home/airflow/.local/lib/python3.10/site-packages/airflow/models/dagbag.py", line 339, in parse
    loader.exec_module(new_module)
  File "<frozen importlib._bootstrap_external>", line 883, in exec_module
  File "<frozen importlib._bootstrap>", line 241, in _call_with_frames_removed
  File "/opt/airflow/dags/pitcher.py", line 56, in <module>
    class BaseballDataScraper:
  File "/opt/airflow/dags/pitcher.py", line 194, in BaseballDataScraper
    async def goto_with_retry(self, page: Page, url: str, max_retries: int = 3):
NameError: name 'Page' is not defined
[2025-04-17T14:19:06.619+0000] {processor.py:755} WARNING - No viable dags retrieved from /opt/airflow/dags/pitcher.py
[2025-04-17T14:19:06.629+0000] {processor.py:175} INFO - Processing /opt/airflow/dags/pitcher.py took 0.048 seconds
[2025-04-17T14:19:36.763+0000] {processor.py:153} INFO - Started process (PID=2144) to work on /opt/airflow/dags/pitcher.py
[2025-04-17T14:19:36.763+0000] {processor.py:743} INFO - Processing file /opt/airflow/dags/pitcher.py for tasks to queue
[2025-04-17T14:19:36.763+0000] {logging_mixin.py:137} INFO - [2025-04-17T14:19:36.763+0000] {dagbag.py:538} INFO - Filling up the DagBag from /opt/airflow/dags/pitcher.py
[2025-04-17T14:19:36.785+0000] {logging_mixin.py:137} INFO - [2025-04-17T14:19:36.783+0000] {dagbag.py:343} ERROR - Failed to import: /opt/airflow/dags/pitcher.py
Traceback (most recent call last):
  File "/home/airflow/.local/lib/python3.10/site-packages/airflow/models/dagbag.py", line 339, in parse
    loader.exec_module(new_module)
  File "<frozen importlib._bootstrap_external>", line 883, in exec_module
  File "<frozen importlib._bootstrap>", line 241, in _call_with_frames_removed
  File "/opt/airflow/dags/pitcher.py", line 56, in <module>
    class BaseballDataScraper:
  File "/opt/airflow/dags/pitcher.py", line 194, in BaseballDataScraper
    async def goto_with_retry(self, page: Page, url: str, max_retries: int = 3):
NameError: name 'Page' is not defined
[2025-04-17T14:19:36.785+0000] {processor.py:755} WARNING - No viable dags retrieved from /opt/airflow/dags/pitcher.py
[2025-04-17T14:19:36.794+0000] {processor.py:175} INFO - Processing /opt/airflow/dags/pitcher.py took 0.034 seconds
[2025-04-17T14:20:06.961+0000] {processor.py:153} INFO - Started process (PID=2177) to work on /opt/airflow/dags/pitcher.py
[2025-04-17T14:20:06.962+0000] {processor.py:743} INFO - Processing file /opt/airflow/dags/pitcher.py for tasks to queue
[2025-04-17T14:20:06.962+0000] {logging_mixin.py:137} INFO - [2025-04-17T14:20:06.962+0000] {dagbag.py:538} INFO - Filling up the DagBag from /opt/airflow/dags/pitcher.py
[2025-04-17T14:20:06.983+0000] {logging_mixin.py:137} INFO - [2025-04-17T14:20:06.982+0000] {dagbag.py:343} ERROR - Failed to import: /opt/airflow/dags/pitcher.py
Traceback (most recent call last):
  File "/home/airflow/.local/lib/python3.10/site-packages/airflow/models/dagbag.py", line 339, in parse
    loader.exec_module(new_module)
  File "<frozen importlib._bootstrap_external>", line 883, in exec_module
  File "<frozen importlib._bootstrap>", line 241, in _call_with_frames_removed
  File "/opt/airflow/dags/pitcher.py", line 56, in <module>
    class BaseballDataScraper:
  File "/opt/airflow/dags/pitcher.py", line 194, in BaseballDataScraper
    async def goto_with_retry(self, page: Page, url: str, max_retries: int = 3):
NameError: name 'Page' is not defined
[2025-04-17T14:20:06.984+0000] {processor.py:755} WARNING - No viable dags retrieved from /opt/airflow/dags/pitcher.py
[2025-04-17T14:20:06.995+0000] {processor.py:175} INFO - Processing /opt/airflow/dags/pitcher.py took 0.036 seconds
[2025-04-17T14:20:37.142+0000] {processor.py:153} INFO - Started process (PID=2227) to work on /opt/airflow/dags/pitcher.py
[2025-04-17T14:20:37.144+0000] {processor.py:743} INFO - Processing file /opt/airflow/dags/pitcher.py for tasks to queue
[2025-04-17T14:20:37.145+0000] {logging_mixin.py:137} INFO - [2025-04-17T14:20:37.145+0000] {dagbag.py:538} INFO - Filling up the DagBag from /opt/airflow/dags/pitcher.py
[2025-04-17T14:20:37.170+0000] {logging_mixin.py:137} INFO - [2025-04-17T14:20:37.168+0000] {dagbag.py:343} ERROR - Failed to import: /opt/airflow/dags/pitcher.py
Traceback (most recent call last):
  File "/home/airflow/.local/lib/python3.10/site-packages/airflow/models/dagbag.py", line 339, in parse
    loader.exec_module(new_module)
  File "<frozen importlib._bootstrap_external>", line 883, in exec_module
  File "<frozen importlib._bootstrap>", line 241, in _call_with_frames_removed
  File "/opt/airflow/dags/pitcher.py", line 56, in <module>
    class BaseballDataScraper:
  File "/opt/airflow/dags/pitcher.py", line 194, in BaseballDataScraper
    async def goto_with_retry(self, page: Page, url: str, max_retries: int = 3):
NameError: name 'Page' is not defined
[2025-04-17T14:20:37.171+0000] {processor.py:755} WARNING - No viable dags retrieved from /opt/airflow/dags/pitcher.py
[2025-04-17T14:20:37.191+0000] {processor.py:175} INFO - Processing /opt/airflow/dags/pitcher.py took 0.054 seconds
[2025-04-17T14:21:07.359+0000] {processor.py:153} INFO - Started process (PID=2276) to work on /opt/airflow/dags/pitcher.py
[2025-04-17T14:21:07.360+0000] {processor.py:743} INFO - Processing file /opt/airflow/dags/pitcher.py for tasks to queue
[2025-04-17T14:21:07.360+0000] {logging_mixin.py:137} INFO - [2025-04-17T14:21:07.360+0000] {dagbag.py:538} INFO - Filling up the DagBag from /opt/airflow/dags/pitcher.py
[2025-04-17T14:21:07.382+0000] {logging_mixin.py:137} INFO - [2025-04-17T14:21:07.381+0000] {dagbag.py:343} ERROR - Failed to import: /opt/airflow/dags/pitcher.py
Traceback (most recent call last):
  File "/home/airflow/.local/lib/python3.10/site-packages/airflow/models/dagbag.py", line 339, in parse
    loader.exec_module(new_module)
  File "<frozen importlib._bootstrap_external>", line 883, in exec_module
  File "<frozen importlib._bootstrap>", line 241, in _call_with_frames_removed
  File "/opt/airflow/dags/pitcher.py", line 56, in <module>
    class BaseballDataScraper:
  File "/opt/airflow/dags/pitcher.py", line 194, in BaseballDataScraper
    async def goto_with_retry(self, page: Page, url: str, max_retries: int = 3):
NameError: name 'Page' is not defined
[2025-04-17T14:21:07.383+0000] {processor.py:755} WARNING - No viable dags retrieved from /opt/airflow/dags/pitcher.py
[2025-04-17T14:21:07.393+0000] {processor.py:175} INFO - Processing /opt/airflow/dags/pitcher.py took 0.036 seconds
[2025-04-17T14:21:37.620+0000] {processor.py:153} INFO - Started process (PID=2310) to work on /opt/airflow/dags/pitcher.py
[2025-04-17T14:21:37.621+0000] {processor.py:743} INFO - Processing file /opt/airflow/dags/pitcher.py for tasks to queue
[2025-04-17T14:21:37.621+0000] {logging_mixin.py:137} INFO - [2025-04-17T14:21:37.621+0000] {dagbag.py:538} INFO - Filling up the DagBag from /opt/airflow/dags/pitcher.py
[2025-04-17T14:21:37.644+0000] {logging_mixin.py:137} INFO - [2025-04-17T14:21:37.643+0000] {dagbag.py:343} ERROR - Failed to import: /opt/airflow/dags/pitcher.py
Traceback (most recent call last):
  File "/home/airflow/.local/lib/python3.10/site-packages/airflow/models/dagbag.py", line 339, in parse
    loader.exec_module(new_module)
  File "<frozen importlib._bootstrap_external>", line 883, in exec_module
  File "<frozen importlib._bootstrap>", line 241, in _call_with_frames_removed
  File "/opt/airflow/dags/pitcher.py", line 56, in <module>
    class BaseballDataScraper:
  File "/opt/airflow/dags/pitcher.py", line 194, in BaseballDataScraper
    async def goto_with_retry(self, page: Page, url: str, max_retries: int = 3):
NameError: name 'Page' is not defined
[2025-04-17T14:21:37.644+0000] {processor.py:755} WARNING - No viable dags retrieved from /opt/airflow/dags/pitcher.py
[2025-04-17T14:21:37.655+0000] {processor.py:175} INFO - Processing /opt/airflow/dags/pitcher.py took 0.037 seconds
[2025-04-17T14:22:07.863+0000] {processor.py:153} INFO - Started process (PID=2360) to work on /opt/airflow/dags/pitcher.py
[2025-04-17T14:22:07.864+0000] {processor.py:743} INFO - Processing file /opt/airflow/dags/pitcher.py for tasks to queue
[2025-04-17T14:22:07.864+0000] {logging_mixin.py:137} INFO - [2025-04-17T14:22:07.864+0000] {dagbag.py:538} INFO - Filling up the DagBag from /opt/airflow/dags/pitcher.py
[2025-04-17T14:22:07.885+0000] {logging_mixin.py:137} INFO - [2025-04-17T14:22:07.884+0000] {dagbag.py:343} ERROR - Failed to import: /opt/airflow/dags/pitcher.py
Traceback (most recent call last):
  File "/home/airflow/.local/lib/python3.10/site-packages/airflow/models/dagbag.py", line 339, in parse
    loader.exec_module(new_module)
  File "<frozen importlib._bootstrap_external>", line 883, in exec_module
  File "<frozen importlib._bootstrap>", line 241, in _call_with_frames_removed
  File "/opt/airflow/dags/pitcher.py", line 56, in <module>
    class BaseballDataScraper:
  File "/opt/airflow/dags/pitcher.py", line 194, in BaseballDataScraper
    async def goto_with_retry(self, page: Page, url: str, max_retries: int = 3):
NameError: name 'Page' is not defined
[2025-04-17T14:22:07.886+0000] {processor.py:755} WARNING - No viable dags retrieved from /opt/airflow/dags/pitcher.py
[2025-04-17T14:22:07.896+0000] {processor.py:175} INFO - Processing /opt/airflow/dags/pitcher.py took 0.036 seconds
[2025-04-17T14:22:38.031+0000] {processor.py:153} INFO - Started process (PID=2394) to work on /opt/airflow/dags/pitcher.py
[2025-04-17T14:22:38.032+0000] {processor.py:743} INFO - Processing file /opt/airflow/dags/pitcher.py for tasks to queue
[2025-04-17T14:22:38.032+0000] {logging_mixin.py:137} INFO - [2025-04-17T14:22:38.032+0000] {dagbag.py:538} INFO - Filling up the DagBag from /opt/airflow/dags/pitcher.py
[2025-04-17T14:22:38.056+0000] {logging_mixin.py:137} INFO - [2025-04-17T14:22:38.054+0000] {dagbag.py:343} ERROR - Failed to import: /opt/airflow/dags/pitcher.py
Traceback (most recent call last):
  File "/home/airflow/.local/lib/python3.10/site-packages/airflow/models/dagbag.py", line 339, in parse
    loader.exec_module(new_module)
  File "<frozen importlib._bootstrap_external>", line 883, in exec_module
  File "<frozen importlib._bootstrap>", line 241, in _call_with_frames_removed
  File "/opt/airflow/dags/pitcher.py", line 56, in <module>
    class BaseballDataScraper:
  File "/opt/airflow/dags/pitcher.py", line 194, in BaseballDataScraper
    async def goto_with_retry(self, page: Page, url: str, max_retries: int = 3):
NameError: name 'Page' is not defined
[2025-04-17T14:22:38.056+0000] {processor.py:755} WARNING - No viable dags retrieved from /opt/airflow/dags/pitcher.py
[2025-04-17T14:22:38.067+0000] {processor.py:175} INFO - Processing /opt/airflow/dags/pitcher.py took 0.039 seconds
[2025-04-17T14:23:08.209+0000] {processor.py:153} INFO - Started process (PID=2444) to work on /opt/airflow/dags/pitcher.py
[2025-04-17T14:23:08.209+0000] {processor.py:743} INFO - Processing file /opt/airflow/dags/pitcher.py for tasks to queue
[2025-04-17T14:23:08.210+0000] {logging_mixin.py:137} INFO - [2025-04-17T14:23:08.210+0000] {dagbag.py:538} INFO - Filling up the DagBag from /opt/airflow/dags/pitcher.py
[2025-04-17T14:23:08.232+0000] {logging_mixin.py:137} INFO - [2025-04-17T14:23:08.231+0000] {dagbag.py:343} ERROR - Failed to import: /opt/airflow/dags/pitcher.py
Traceback (most recent call last):
  File "/home/airflow/.local/lib/python3.10/site-packages/airflow/models/dagbag.py", line 339, in parse
    loader.exec_module(new_module)
  File "<frozen importlib._bootstrap_external>", line 883, in exec_module
  File "<frozen importlib._bootstrap>", line 241, in _call_with_frames_removed
  File "/opt/airflow/dags/pitcher.py", line 56, in <module>
    class BaseballDataScraper:
  File "/opt/airflow/dags/pitcher.py", line 194, in BaseballDataScraper
    async def goto_with_retry(self, page: Page, url: str, max_retries: int = 3):
NameError: name 'Page' is not defined
[2025-04-17T14:23:08.233+0000] {processor.py:755} WARNING - No viable dags retrieved from /opt/airflow/dags/pitcher.py
[2025-04-17T14:23:08.244+0000] {processor.py:175} INFO - Processing /opt/airflow/dags/pitcher.py took 0.039 seconds
[2025-04-17T14:23:38.384+0000] {processor.py:153} INFO - Started process (PID=2494) to work on /opt/airflow/dags/pitcher.py
[2025-04-17T14:23:38.385+0000] {processor.py:743} INFO - Processing file /opt/airflow/dags/pitcher.py for tasks to queue
[2025-04-17T14:23:38.385+0000] {logging_mixin.py:137} INFO - [2025-04-17T14:23:38.385+0000] {dagbag.py:538} INFO - Filling up the DagBag from /opt/airflow/dags/pitcher.py
[2025-04-17T14:23:38.409+0000] {logging_mixin.py:137} INFO - [2025-04-17T14:23:38.407+0000] {dagbag.py:343} ERROR - Failed to import: /opt/airflow/dags/pitcher.py
Traceback (most recent call last):
  File "/home/airflow/.local/lib/python3.10/site-packages/airflow/models/dagbag.py", line 339, in parse
    loader.exec_module(new_module)
  File "<frozen importlib._bootstrap_external>", line 883, in exec_module
  File "<frozen importlib._bootstrap>", line 241, in _call_with_frames_removed
  File "/opt/airflow/dags/pitcher.py", line 56, in <module>
    class BaseballDataScraper:
  File "/opt/airflow/dags/pitcher.py", line 194, in BaseballDataScraper
    async def goto_with_retry(self, page: Page, url: str, max_retries: int = 3):
NameError: name 'Page' is not defined
[2025-04-17T14:23:38.409+0000] {processor.py:755} WARNING - No viable dags retrieved from /opt/airflow/dags/pitcher.py
[2025-04-17T14:23:38.422+0000] {processor.py:175} INFO - Processing /opt/airflow/dags/pitcher.py took 0.041 seconds
[2025-04-17T14:24:08.619+0000] {processor.py:153} INFO - Started process (PID=2528) to work on /opt/airflow/dags/pitcher.py
[2025-04-17T14:24:08.620+0000] {processor.py:743} INFO - Processing file /opt/airflow/dags/pitcher.py for tasks to queue
[2025-04-17T14:24:08.621+0000] {logging_mixin.py:137} INFO - [2025-04-17T14:24:08.621+0000] {dagbag.py:538} INFO - Filling up the DagBag from /opt/airflow/dags/pitcher.py
[2025-04-17T14:24:08.652+0000] {logging_mixin.py:137} INFO - [2025-04-17T14:24:08.650+0000] {dagbag.py:343} ERROR - Failed to import: /opt/airflow/dags/pitcher.py
Traceback (most recent call last):
  File "/home/airflow/.local/lib/python3.10/site-packages/airflow/models/dagbag.py", line 339, in parse
    loader.exec_module(new_module)
  File "<frozen importlib._bootstrap_external>", line 883, in exec_module
  File "<frozen importlib._bootstrap>", line 241, in _call_with_frames_removed
  File "/opt/airflow/dags/pitcher.py", line 56, in <module>
    class BaseballDataScraper:
  File "/opt/airflow/dags/pitcher.py", line 194, in BaseballDataScraper
    async def goto_with_retry(self, page: Page, url: str, max_retries: int = 3):
NameError: name 'Page' is not defined
[2025-04-17T14:24:08.652+0000] {processor.py:755} WARNING - No viable dags retrieved from /opt/airflow/dags/pitcher.py
[2025-04-17T14:24:08.663+0000] {processor.py:175} INFO - Processing /opt/airflow/dags/pitcher.py took 0.049 seconds
[2025-04-17T14:24:38.850+0000] {processor.py:153} INFO - Started process (PID=2578) to work on /opt/airflow/dags/pitcher.py
[2025-04-17T14:24:38.850+0000] {processor.py:743} INFO - Processing file /opt/airflow/dags/pitcher.py for tasks to queue
[2025-04-17T14:24:38.850+0000] {logging_mixin.py:137} INFO - [2025-04-17T14:24:38.850+0000] {dagbag.py:538} INFO - Filling up the DagBag from /opt/airflow/dags/pitcher.py
[2025-04-17T14:24:38.869+0000] {logging_mixin.py:137} INFO - [2025-04-17T14:24:38.868+0000] {dagbag.py:343} ERROR - Failed to import: /opt/airflow/dags/pitcher.py
Traceback (most recent call last):
  File "/home/airflow/.local/lib/python3.10/site-packages/airflow/models/dagbag.py", line 339, in parse
    loader.exec_module(new_module)
  File "<frozen importlib._bootstrap_external>", line 883, in exec_module
  File "<frozen importlib._bootstrap>", line 241, in _call_with_frames_removed
  File "/opt/airflow/dags/pitcher.py", line 56, in <module>
    class BaseballDataScraper:
  File "/opt/airflow/dags/pitcher.py", line 194, in BaseballDataScraper
    async def goto_with_retry(self, page: Page, url: str, max_retries: int = 3):
NameError: name 'Page' is not defined
[2025-04-17T14:24:38.870+0000] {processor.py:755} WARNING - No viable dags retrieved from /opt/airflow/dags/pitcher.py
[2025-04-17T14:24:38.881+0000] {processor.py:175} INFO - Processing /opt/airflow/dags/pitcher.py took 0.033 seconds
[2025-04-17T14:25:09.096+0000] {processor.py:153} INFO - Started process (PID=2627) to work on /opt/airflow/dags/pitcher.py
[2025-04-17T14:25:09.097+0000] {processor.py:743} INFO - Processing file /opt/airflow/dags/pitcher.py for tasks to queue
[2025-04-17T14:25:09.098+0000] {logging_mixin.py:137} INFO - [2025-04-17T14:25:09.098+0000] {dagbag.py:538} INFO - Filling up the DagBag from /opt/airflow/dags/pitcher.py
[2025-04-17T14:25:09.130+0000] {logging_mixin.py:137} INFO - [2025-04-17T14:25:09.129+0000] {dagbag.py:343} ERROR - Failed to import: /opt/airflow/dags/pitcher.py
Traceback (most recent call last):
  File "/home/airflow/.local/lib/python3.10/site-packages/airflow/models/dagbag.py", line 339, in parse
    loader.exec_module(new_module)
  File "<frozen importlib._bootstrap_external>", line 883, in exec_module
  File "<frozen importlib._bootstrap>", line 241, in _call_with_frames_removed
  File "/opt/airflow/dags/pitcher.py", line 56, in <module>
    class BaseballDataScraper:
  File "/opt/airflow/dags/pitcher.py", line 194, in BaseballDataScraper
    async def goto_with_retry(self, page: Page, url: str, max_retries: int = 3):
NameError: name 'Page' is not defined
[2025-04-17T14:25:09.131+0000] {processor.py:755} WARNING - No viable dags retrieved from /opt/airflow/dags/pitcher.py
[2025-04-17T14:25:09.141+0000] {processor.py:175} INFO - Processing /opt/airflow/dags/pitcher.py took 0.049 seconds
[2025-04-17T14:25:39.270+0000] {processor.py:153} INFO - Started process (PID=2661) to work on /opt/airflow/dags/pitcher.py
[2025-04-17T14:25:39.270+0000] {processor.py:743} INFO - Processing file /opt/airflow/dags/pitcher.py for tasks to queue
[2025-04-17T14:25:39.271+0000] {logging_mixin.py:137} INFO - [2025-04-17T14:25:39.270+0000] {dagbag.py:538} INFO - Filling up the DagBag from /opt/airflow/dags/pitcher.py
[2025-04-17T14:25:39.294+0000] {logging_mixin.py:137} INFO - [2025-04-17T14:25:39.293+0000] {dagbag.py:343} ERROR - Failed to import: /opt/airflow/dags/pitcher.py
Traceback (most recent call last):
  File "/home/airflow/.local/lib/python3.10/site-packages/airflow/models/dagbag.py", line 339, in parse
    loader.exec_module(new_module)
  File "<frozen importlib._bootstrap_external>", line 883, in exec_module
  File "<frozen importlib._bootstrap>", line 241, in _call_with_frames_removed
  File "/opt/airflow/dags/pitcher.py", line 56, in <module>
    class BaseballDataScraper:
  File "/opt/airflow/dags/pitcher.py", line 194, in BaseballDataScraper
    async def goto_with_retry(self, page: Page, url: str, max_retries: int = 3):
NameError: name 'Page' is not defined
[2025-04-17T14:25:39.295+0000] {processor.py:755} WARNING - No viable dags retrieved from /opt/airflow/dags/pitcher.py
[2025-04-17T14:25:39.308+0000] {processor.py:175} INFO - Processing /opt/airflow/dags/pitcher.py took 0.041 seconds
[2025-04-17T14:26:09.500+0000] {processor.py:153} INFO - Started process (PID=2711) to work on /opt/airflow/dags/pitcher.py
[2025-04-17T14:26:09.500+0000] {processor.py:743} INFO - Processing file /opt/airflow/dags/pitcher.py for tasks to queue
[2025-04-17T14:26:09.501+0000] {logging_mixin.py:137} INFO - [2025-04-17T14:26:09.501+0000] {dagbag.py:538} INFO - Filling up the DagBag from /opt/airflow/dags/pitcher.py
[2025-04-17T14:26:09.522+0000] {logging_mixin.py:137} INFO - [2025-04-17T14:26:09.521+0000] {dagbag.py:343} ERROR - Failed to import: /opt/airflow/dags/pitcher.py
Traceback (most recent call last):
  File "/home/airflow/.local/lib/python3.10/site-packages/airflow/models/dagbag.py", line 339, in parse
    loader.exec_module(new_module)
  File "<frozen importlib._bootstrap_external>", line 883, in exec_module
  File "<frozen importlib._bootstrap>", line 241, in _call_with_frames_removed
  File "/opt/airflow/dags/pitcher.py", line 56, in <module>
    class BaseballDataScraper:
  File "/opt/airflow/dags/pitcher.py", line 194, in BaseballDataScraper
    async def goto_with_retry(self, page: Page, url: str, max_retries: int = 3):
NameError: name 'Page' is not defined
[2025-04-17T14:26:09.522+0000] {processor.py:755} WARNING - No viable dags retrieved from /opt/airflow/dags/pitcher.py
[2025-04-17T14:26:09.533+0000] {processor.py:175} INFO - Processing /opt/airflow/dags/pitcher.py took 0.036 seconds
[2025-04-17T14:26:39.668+0000] {processor.py:153} INFO - Started process (PID=2761) to work on /opt/airflow/dags/pitcher.py
[2025-04-17T14:26:39.669+0000] {processor.py:743} INFO - Processing file /opt/airflow/dags/pitcher.py for tasks to queue
[2025-04-17T14:26:39.669+0000] {logging_mixin.py:137} INFO - [2025-04-17T14:26:39.669+0000] {dagbag.py:538} INFO - Filling up the DagBag from /opt/airflow/dags/pitcher.py
[2025-04-17T14:26:39.695+0000] {logging_mixin.py:137} INFO - [2025-04-17T14:26:39.693+0000] {dagbag.py:343} ERROR - Failed to import: /opt/airflow/dags/pitcher.py
Traceback (most recent call last):
  File "/home/airflow/.local/lib/python3.10/site-packages/airflow/models/dagbag.py", line 339, in parse
    loader.exec_module(new_module)
  File "<frozen importlib._bootstrap_external>", line 883, in exec_module
  File "<frozen importlib._bootstrap>", line 241, in _call_with_frames_removed
  File "/opt/airflow/dags/pitcher.py", line 56, in <module>
    class BaseballDataScraper:
  File "/opt/airflow/dags/pitcher.py", line 194, in BaseballDataScraper
    async def goto_with_retry(self, page: Page, url: str, max_retries: int = 3):
NameError: name 'Page' is not defined
[2025-04-17T14:26:39.696+0000] {processor.py:755} WARNING - No viable dags retrieved from /opt/airflow/dags/pitcher.py
[2025-04-17T14:26:39.708+0000] {processor.py:175} INFO - Processing /opt/airflow/dags/pitcher.py took 0.043 seconds
[2025-04-17T14:27:09.790+0000] {processor.py:153} INFO - Started process (PID=2795) to work on /opt/airflow/dags/pitcher.py
[2025-04-17T14:27:09.791+0000] {processor.py:743} INFO - Processing file /opt/airflow/dags/pitcher.py for tasks to queue
[2025-04-17T14:27:09.791+0000] {logging_mixin.py:137} INFO - [2025-04-17T14:27:09.791+0000] {dagbag.py:538} INFO - Filling up the DagBag from /opt/airflow/dags/pitcher.py
[2025-04-17T14:27:09.834+0000] {logging_mixin.py:137} INFO - [2025-04-17T14:27:09.830+0000] {dagbag.py:343} ERROR - Failed to import: /opt/airflow/dags/pitcher.py
Traceback (most recent call last):
  File "/home/airflow/.local/lib/python3.10/site-packages/airflow/models/dagbag.py", line 339, in parse
    loader.exec_module(new_module)
  File "<frozen importlib._bootstrap_external>", line 883, in exec_module
  File "<frozen importlib._bootstrap>", line 241, in _call_with_frames_removed
  File "/opt/airflow/dags/pitcher.py", line 56, in <module>
    class BaseballDataScraper:
  File "/opt/airflow/dags/pitcher.py", line 194, in BaseballDataScraper
    async def goto_with_retry(self, page: Page, url: str, max_retries: int = 3):
NameError: name 'Page' is not defined
[2025-04-17T14:27:09.836+0000] {processor.py:755} WARNING - No viable dags retrieved from /opt/airflow/dags/pitcher.py
[2025-04-17T14:27:09.853+0000] {processor.py:175} INFO - Processing /opt/airflow/dags/pitcher.py took 0.067 seconds
[2025-04-17T14:27:40.001+0000] {processor.py:153} INFO - Started process (PID=2845) to work on /opt/airflow/dags/pitcher.py
[2025-04-17T14:27:40.002+0000] {processor.py:743} INFO - Processing file /opt/airflow/dags/pitcher.py for tasks to queue
[2025-04-17T14:27:40.002+0000] {logging_mixin.py:137} INFO - [2025-04-17T14:27:40.002+0000] {dagbag.py:538} INFO - Filling up the DagBag from /opt/airflow/dags/pitcher.py
[2025-04-17T14:27:40.026+0000] {logging_mixin.py:137} INFO - [2025-04-17T14:27:40.025+0000] {dagbag.py:343} ERROR - Failed to import: /opt/airflow/dags/pitcher.py
Traceback (most recent call last):
  File "/home/airflow/.local/lib/python3.10/site-packages/airflow/models/dagbag.py", line 339, in parse
    loader.exec_module(new_module)
  File "<frozen importlib._bootstrap_external>", line 883, in exec_module
  File "<frozen importlib._bootstrap>", line 241, in _call_with_frames_removed
  File "/opt/airflow/dags/pitcher.py", line 56, in <module>
    class BaseballDataScraper:
  File "/opt/airflow/dags/pitcher.py", line 194, in BaseballDataScraper
    async def goto_with_retry(self, page: Page, url: str, max_retries: int = 3):
NameError: name 'Page' is not defined
[2025-04-17T14:27:40.027+0000] {processor.py:755} WARNING - No viable dags retrieved from /opt/airflow/dags/pitcher.py
[2025-04-17T14:27:40.039+0000] {processor.py:175} INFO - Processing /opt/airflow/dags/pitcher.py took 0.040 seconds
[2025-04-17T14:35:57.697+0000] {processor.py:153} INFO - Started process (PID=2847) to work on /opt/airflow/dags/pitcher.py
[2025-04-17T14:35:57.699+0000] {processor.py:743} INFO - Processing file /opt/airflow/dags/pitcher.py for tasks to queue
[2025-04-17T14:35:57.701+0000] {logging_mixin.py:137} INFO - [2025-04-17T14:35:57.701+0000] {dagbag.py:538} INFO - Filling up the DagBag from /opt/airflow/dags/pitcher.py
[2025-04-17T14:35:57.770+0000] {logging_mixin.py:137} INFO - [2025-04-17T14:35:57.762+0000] {dagbag.py:343} ERROR - Failed to import: /opt/airflow/dags/pitcher.py
Traceback (most recent call last):
  File "/home/airflow/.local/lib/python3.10/site-packages/airflow/models/dagbag.py", line 339, in parse
    loader.exec_module(new_module)
  File "<frozen importlib._bootstrap_external>", line 883, in exec_module
  File "<frozen importlib._bootstrap>", line 241, in _call_with_frames_removed
  File "/opt/airflow/dags/pitcher.py", line 56, in <module>
    class BaseballDataScraper:
  File "/opt/airflow/dags/pitcher.py", line 194, in BaseballDataScraper
    async def goto_with_retry(self, page: Page, url: str, max_retries: int = 3):
NameError: name 'Page' is not defined
[2025-04-17T14:35:57.771+0000] {processor.py:755} WARNING - No viable dags retrieved from /opt/airflow/dags/pitcher.py
[2025-04-17T14:35:57.802+0000] {processor.py:175} INFO - Processing /opt/airflow/dags/pitcher.py took 0.112 seconds
[2025-04-17T14:36:28.472+0000] {processor.py:153} INFO - Started process (PID=2898) to work on /opt/airflow/dags/pitcher.py
[2025-04-17T14:36:28.472+0000] {processor.py:743} INFO - Processing file /opt/airflow/dags/pitcher.py for tasks to queue
[2025-04-17T14:36:28.473+0000] {logging_mixin.py:137} INFO - [2025-04-17T14:36:28.473+0000] {dagbag.py:538} INFO - Filling up the DagBag from /opt/airflow/dags/pitcher.py
[2025-04-17T14:36:28.506+0000] {logging_mixin.py:137} INFO - [2025-04-17T14:36:28.504+0000] {dagbag.py:343} ERROR - Failed to import: /opt/airflow/dags/pitcher.py
Traceback (most recent call last):
  File "/home/airflow/.local/lib/python3.10/site-packages/airflow/models/dagbag.py", line 339, in parse
    loader.exec_module(new_module)
  File "<frozen importlib._bootstrap_external>", line 883, in exec_module
  File "<frozen importlib._bootstrap>", line 241, in _call_with_frames_removed
  File "/opt/airflow/dags/pitcher.py", line 56, in <module>
    class BaseballDataScraper:
  File "/opt/airflow/dags/pitcher.py", line 194, in BaseballDataScraper
    async def goto_with_retry(self, page: Page, url: str, max_retries: int = 3):
NameError: name 'Page' is not defined
[2025-04-17T14:36:28.507+0000] {processor.py:755} WARNING - No viable dags retrieved from /opt/airflow/dags/pitcher.py
[2025-04-17T14:36:28.520+0000] {processor.py:175} INFO - Processing /opt/airflow/dags/pitcher.py took 0.051 seconds
