[2025-04-17T13:55:02.964+0000] {manager.py:483} INFO - Processing files using up to 2 processes at a time 
[2025-04-17T13:55:02.968+0000] {manager.py:484} INFO - Process each file at most once every 30 seconds
[2025-04-17T13:55:02.972+0000] {manager.py:485} INFO - Checking for new files in /opt/airflow/dags every 300 seconds
[2025-04-17T13:55:02.978+0000] {manager.py:726} INFO - Searching for files in /opt/airflow/dags
[2025-04-17T13:55:02.995+0000] {manager.py:729} INFO - There are 0 files in /opt/airflow/dags
[2025-04-17T14:00:03.431+0000] {manager.py:726} INFO - Searching for files in /opt/airflow/dags
[2025-04-17T14:00:03.451+0000] {manager.py:729} INFO - There are 0 files in /opt/airflow/dags
[2025-04-17T14:05:04.029+0000] {manager.py:726} INFO - Searching for files in /opt/airflow/dags
[2025-04-17T14:05:04.040+0000] {manager.py:729} INFO - There are 1 files in /opt/airflow/dags
[2025-04-17T14:05:08.130+0000] {manager.py:854} INFO - 
================================================================================
DAG File Processing Stats

File Path                    PID    Runtime      # DAGs    # Errors  Last Runtime    Last Run
---------------------------  -----  ---------  --------  ----------  --------------  -------------------
/opt/airflow/dags/hitter.py                           1           0  0.37s           2025-04-17T14:05:04
================================================================================
[2025-04-17T14:05:38.672+0000] {manager.py:854} INFO - 
================================================================================
DAG File Processing Stats

File Path                    PID    Runtime      # DAGs    # Errors  Last Runtime    Last Run
---------------------------  -----  ---------  --------  ----------  --------------  -------------------
/opt/airflow/dags/hitter.py                           1           0  0.07s           2025-04-17T14:05:34
================================================================================
[2025-04-17T14:06:08.935+0000] {manager.py:854} INFO - 
================================================================================
DAG File Processing Stats

File Path                    PID    Runtime      # DAGs    # Errors  Last Runtime    Last Run
---------------------------  -----  ---------  --------  ----------  --------------  -------------------
/opt/airflow/dags/hitter.py                           1           0  0.10s           2025-04-17T14:06:04
================================================================================
[2025-04-17T14:06:39.186+0000] {manager.py:854} INFO - 
================================================================================
DAG File Processing Stats

File Path                    PID    Runtime      # DAGs    # Errors  Last Runtime    Last Run
---------------------------  -----  ---------  --------  ----------  --------------  -------------------
/opt/airflow/dags/hitter.py                           1           0  0.08s           2025-04-17T14:06:35
================================================================================
[2025-04-17T14:07:09.368+0000] {manager.py:854} INFO - 
================================================================================
DAG File Processing Stats

File Path                    PID    Runtime      # DAGs    # Errors  Last Runtime    Last Run
---------------------------  -----  ---------  --------  ----------  --------------  -------------------
/opt/airflow/dags/hitter.py                           1           0  0.09s           2025-04-17T14:07:05
================================================================================
[2025-04-17T14:07:39.519+0000] {manager.py:854} INFO - 
================================================================================
DAG File Processing Stats

File Path                    PID    Runtime      # DAGs    # Errors  Last Runtime    Last Run
---------------------------  -----  ---------  --------  ----------  --------------  -------------------
/opt/airflow/dags/hitter.py                           1           0  0.08s           2025-04-17T14:07:35
================================================================================
[2025-04-17T14:08:09.700+0000] {manager.py:854} INFO - 
================================================================================
DAG File Processing Stats

File Path                    PID    Runtime      # DAGs    # Errors  Last Runtime    Last Run
---------------------------  -----  ---------  --------  ----------  --------------  -------------------
/opt/airflow/dags/hitter.py                           1           0  0.07s           2025-04-17T14:08:05
================================================================================
[2025-04-17T14:08:39.885+0000] {manager.py:854} INFO - 
================================================================================
DAG File Processing Stats

File Path                    PID    Runtime      # DAGs    # Errors  Last Runtime    Last Run
---------------------------  -----  ---------  --------  ----------  --------------  -------------------
/opt/airflow/dags/hitter.py                           1           0  0.08s           2025-04-17T14:08:35
================================================================================
[2025-04-17T14:09:10.034+0000] {manager.py:854} INFO - 
================================================================================
DAG File Processing Stats

File Path                    PID    Runtime      # DAGs    # Errors  Last Runtime    Last Run
---------------------------  -----  ---------  --------  ----------  --------------  -------------------
/opt/airflow/dags/hitter.py                           1           0  0.09s           2025-04-17T14:09:06
================================================================================
[2025-04-17T14:09:40.209+0000] {manager.py:854} INFO - 
================================================================================
DAG File Processing Stats

File Path                    PID    Runtime      # DAGs    # Errors  Last Runtime    Last Run
---------------------------  -----  ---------  --------  ----------  --------------  -------------------
/opt/airflow/dags/hitter.py                           1           0  0.07s           2025-04-17T14:09:36
================================================================================
[2025-04-17T14:10:04.300+0000] {manager.py:726} INFO - Searching for files in /opt/airflow/dags
[2025-04-17T14:10:04.303+0000] {manager.py:729} INFO - There are 1 files in /opt/airflow/dags
[2025-04-17T14:10:10.364+0000] {manager.py:854} INFO - 
================================================================================
DAG File Processing Stats

File Path                    PID    Runtime      # DAGs    # Errors  Last Runtime    Last Run
---------------------------  -----  ---------  --------  ----------  --------------  -------------------
/opt/airflow/dags/hitter.py                           1           0  0.07s           2025-04-17T14:10:06
================================================================================
[2025-04-17T14:10:40.555+0000] {manager.py:854} INFO - 
================================================================================
DAG File Processing Stats

File Path                    PID    Runtime      # DAGs    # Errors  Last Runtime    Last Run
---------------------------  -----  ---------  --------  ----------  --------------  -------------------
/opt/airflow/dags/hitter.py                           1           0  0.07s           2025-04-17T14:10:36
================================================================================
[2025-04-17T14:11:10.731+0000] {manager.py:854} INFO - 
================================================================================
DAG File Processing Stats

File Path                    PID    Runtime      # DAGs    # Errors  Last Runtime    Last Run
---------------------------  -----  ---------  --------  ----------  --------------  -------------------
/opt/airflow/dags/hitter.py                           1           0  0.08s           2025-04-17T14:11:06
================================================================================
[2025-04-17T14:11:40.888+0000] {manager.py:854} INFO - 
================================================================================
DAG File Processing Stats

File Path                    PID    Runtime      # DAGs    # Errors  Last Runtime    Last Run
---------------------------  -----  ---------  --------  ----------  --------------  -------------------
/opt/airflow/dags/hitter.py                           1           0  0.12s           2025-04-17T14:11:36
================================================================================
[2025-04-17T14:12:11.014+0000] {manager.py:854} INFO - 
================================================================================
DAG File Processing Stats

File Path                    PID    Runtime      # DAGs    # Errors  Last Runtime    Last Run
---------------------------  -----  ---------  --------  ----------  --------------  -------------------
/opt/airflow/dags/hitter.py                           1           0  0.10s           2025-04-17T14:12:07
================================================================================
[2025-04-17T14:12:41.176+0000] {manager.py:854} INFO - 
================================================================================
DAG File Processing Stats

File Path                    PID    Runtime      # DAGs    # Errors  Last Runtime    Last Run
---------------------------  -----  ---------  --------  ----------  --------------  -------------------
/opt/airflow/dags/hitter.py                           1           0  0.08s           2025-04-17T14:12:37
================================================================================
[2025-04-17T14:13:11.359+0000] {manager.py:854} INFO - 
================================================================================
DAG File Processing Stats

File Path                    PID    Runtime      # DAGs    # Errors  Last Runtime    Last Run
---------------------------  -----  ---------  --------  ----------  --------------  -------------------
/opt/airflow/dags/hitter.py                           1           0  0.07s           2025-04-17T14:13:07
================================================================================
[2025-04-17T14:13:41.481+0000] {manager.py:854} INFO - 
================================================================================
DAG File Processing Stats

File Path                    PID    Runtime      # DAGs    # Errors  Last Runtime    Last Run
---------------------------  -----  ---------  --------  ----------  --------------  -------------------
/opt/airflow/dags/hitter.py                           1           0  0.09s           2025-04-17T14:13:37
================================================================================
[2025-04-17T14:14:11.663+0000] {manager.py:854} INFO - 
================================================================================
DAG File Processing Stats

File Path                    PID    Runtime      # DAGs    # Errors  Last Runtime    Last Run
---------------------------  -----  ---------  --------  ----------  --------------  -------------------
/opt/airflow/dags/hitter.py                           1           0  0.08s           2025-04-17T14:14:07
================================================================================
[2025-04-17T14:14:41.850+0000] {manager.py:854} INFO - 
================================================================================
DAG File Processing Stats

File Path                    PID    Runtime      # DAGs    # Errors  Last Runtime    Last Run
---------------------------  -----  ---------  --------  ----------  --------------  -------------------
/opt/airflow/dags/hitter.py                           1           0  0.15s           2025-04-17T14:14:37
================================================================================
[2025-04-17T14:15:04.971+0000] {manager.py:726} INFO - Searching for files in /opt/airflow/dags
[2025-04-17T14:15:04.974+0000] {manager.py:729} INFO - There are 2 files in /opt/airflow/dags
[2025-04-17T14:15:12.073+0000] {manager.py:854} INFO - 
================================================================================
DAG File Processing Stats

File Path                     PID    Runtime      # DAGs    # Errors  Last Runtime    Last Run
----------------------------  -----  ---------  --------  ----------  --------------  -------------------
/opt/airflow/dags/pitcher.py                           0           1  0.05s           2025-04-17T14:15:05
/opt/airflow/dags/hitter.py                            1           0  0.08s           2025-04-17T14:15:08
================================================================================
[2025-04-17T14:15:42.235+0000] {manager.py:854} INFO - 
================================================================================
DAG File Processing Stats

File Path                     PID    Runtime      # DAGs    # Errors  Last Runtime    Last Run
----------------------------  -----  ---------  --------  ----------  --------------  -------------------
/opt/airflow/dags/pitcher.py                           0           1  0.10s           2025-04-17T14:15:35
/opt/airflow/dags/hitter.py                            1           0  0.08s           2025-04-17T14:15:38
================================================================================
[2025-04-17T14:16:12.415+0000] {manager.py:854} INFO - 
================================================================================
DAG File Processing Stats

File Path                     PID    Runtime      # DAGs    # Errors  Last Runtime    Last Run
----------------------------  -----  ---------  --------  ----------  --------------  -------------------
/opt/airflow/dags/pitcher.py                           0           1  0.05s           2025-04-17T14:16:05
/opt/airflow/dags/hitter.py                            1           0  0.10s           2025-04-17T14:16:08
================================================================================
[2025-04-17T14:16:42.651+0000] {manager.py:854} INFO - 
================================================================================
DAG File Processing Stats

File Path                     PID    Runtime      # DAGs    # Errors  Last Runtime    Last Run
----------------------------  -----  ---------  --------  ----------  --------------  -------------------
/opt/airflow/dags/pitcher.py                           0           1  0.06s           2025-04-17T14:16:35
/opt/airflow/dags/hitter.py                            1           0  0.09s           2025-04-17T14:16:38
================================================================================
[2025-04-17T14:17:12.875+0000] {manager.py:854} INFO - 
================================================================================
DAG File Processing Stats

File Path                     PID    Runtime      # DAGs    # Errors  Last Runtime    Last Run
----------------------------  -----  ---------  --------  ----------  --------------  -------------------
/opt/airflow/dags/pitcher.py                           0           1  0.06s           2025-04-17T14:17:05
/opt/airflow/dags/hitter.py                            1           0  0.08s           2025-04-17T14:17:08
================================================================================
[2025-04-17T14:17:43.090+0000] {manager.py:854} INFO - 
================================================================================
DAG File Processing Stats

File Path                     PID    Runtime      # DAGs    # Errors  Last Runtime    Last Run
----------------------------  -----  ---------  --------  ----------  --------------  -------------------
/opt/airflow/dags/pitcher.py                           0           1  0.05s           2025-04-17T14:17:36
/opt/airflow/dags/hitter.py                            1           0  0.08s           2025-04-17T14:17:39
================================================================================
[2025-04-17T14:18:13.310+0000] {manager.py:854} INFO - 
================================================================================
DAG File Processing Stats

File Path                     PID    Runtime      # DAGs    # Errors  Last Runtime    Last Run
----------------------------  -----  ---------  --------  ----------  --------------  -------------------
/opt/airflow/dags/pitcher.py                           0           1  0.05s           2025-04-17T14:18:06
/opt/airflow/dags/hitter.py                            1           0  0.09s           2025-04-17T14:18:09
================================================================================
[2025-04-17T14:18:43.466+0000] {manager.py:854} INFO - 
================================================================================
DAG File Processing Stats

File Path                     PID    Runtime      # DAGs    # Errors  Last Runtime    Last Run
----------------------------  -----  ---------  --------  ----------  --------------  -------------------
/opt/airflow/dags/pitcher.py                           0           1  0.04s           2025-04-17T14:18:36
/opt/airflow/dags/hitter.py                            1           0  0.07s           2025-04-17T14:18:39
================================================================================
[2025-04-17T14:19:13.656+0000] {manager.py:854} INFO - 
================================================================================
DAG File Processing Stats

File Path                     PID    Runtime      # DAGs    # Errors  Last Runtime    Last Run
----------------------------  -----  ---------  --------  ----------  --------------  -------------------
/opt/airflow/dags/pitcher.py                           0           1  0.06s           2025-04-17T14:19:06
/opt/airflow/dags/hitter.py                            1           0  0.07s           2025-04-17T14:19:09
================================================================================
[2025-04-17T14:19:43.828+0000] {manager.py:854} INFO - 
================================================================================
DAG File Processing Stats

File Path                     PID    Runtime      # DAGs    # Errors  Last Runtime    Last Run
----------------------------  -----  ---------  --------  ----------  --------------  -------------------
/opt/airflow/dags/pitcher.py                           0           1  0.04s           2025-04-17T14:19:36
/opt/airflow/dags/hitter.py                            1           0  0.07s           2025-04-17T14:19:39
================================================================================
[2025-04-17T14:20:05.942+0000] {manager.py:726} INFO - Searching for files in /opt/airflow/dags
[2025-04-17T14:20:05.945+0000] {manager.py:729} INFO - There are 2 files in /opt/airflow/dags
[2025-04-17T14:20:14.028+0000] {manager.py:854} INFO - 
================================================================================
DAG File Processing Stats

File Path                     PID    Runtime      # DAGs    # Errors  Last Runtime    Last Run
----------------------------  -----  ---------  --------  ----------  --------------  -------------------
/opt/airflow/dags/pitcher.py                           0           1  0.05s           2025-04-17T14:20:06
/opt/airflow/dags/hitter.py                            1           0  0.08s           2025-04-17T14:20:10
================================================================================
[2025-04-17T14:20:44.235+0000] {manager.py:854} INFO - 
================================================================================
DAG File Processing Stats

File Path                     PID    Runtime      # DAGs    # Errors  Last Runtime    Last Run
----------------------------  -----  ---------  --------  ----------  --------------  -------------------
/opt/airflow/dags/pitcher.py                           0           1  0.07s           2025-04-17T14:20:37
/opt/airflow/dags/hitter.py                            1           0  0.07s           2025-04-17T14:20:40
================================================================================
[2025-04-17T14:21:14.440+0000] {manager.py:854} INFO - 
================================================================================
DAG File Processing Stats

File Path                     PID    Runtime      # DAGs    # Errors  Last Runtime    Last Run
----------------------------  -----  ---------  --------  ----------  --------------  -------------------
/opt/airflow/dags/pitcher.py                           0           1  0.04s           2025-04-17T14:21:07
/opt/airflow/dags/hitter.py                            1           0  0.07s           2025-04-17T14:21:10
================================================================================
[2025-04-17T14:21:44.705+0000] {manager.py:854} INFO - 
================================================================================
DAG File Processing Stats

File Path                     PID    Runtime      # DAGs    # Errors  Last Runtime    Last Run
----------------------------  -----  ---------  --------  ----------  --------------  -------------------
/opt/airflow/dags/pitcher.py                           0           1  0.05s           2025-04-17T14:21:37
/opt/airflow/dags/hitter.py                            1           0  0.07s           2025-04-17T14:21:40
================================================================================
[2025-04-17T14:22:14.931+0000] {manager.py:854} INFO - 
================================================================================
DAG File Processing Stats

File Path                     PID    Runtime      # DAGs    # Errors  Last Runtime    Last Run
----------------------------  -----  ---------  --------  ----------  --------------  -------------------
/opt/airflow/dags/pitcher.py                           0           1  0.04s           2025-04-17T14:22:07
/opt/airflow/dags/hitter.py                            1           0  0.08s           2025-04-17T14:22:10
================================================================================
[2025-04-17T14:22:45.101+0000] {manager.py:854} INFO - 
================================================================================
DAG File Processing Stats

File Path                     PID    Runtime      # DAGs    # Errors  Last Runtime    Last Run
----------------------------  -----  ---------  --------  ----------  --------------  -------------------
/opt/airflow/dags/pitcher.py                           0           1  0.05s           2025-04-17T14:22:38
/opt/airflow/dags/hitter.py                            1           0  0.08s           2025-04-17T14:22:41
================================================================================
[2025-04-17T14:23:15.277+0000] {manager.py:854} INFO - 
================================================================================
DAG File Processing Stats

File Path                     PID    Runtime      # DAGs    # Errors  Last Runtime    Last Run
----------------------------  -----  ---------  --------  ----------  --------------  -------------------
/opt/airflow/dags/pitcher.py                           0           1  0.05s           2025-04-17T14:23:08
/opt/airflow/dags/hitter.py                            1           0  0.08s           2025-04-17T14:23:11
================================================================================
[2025-04-17T14:23:45.461+0000] {manager.py:854} INFO - 
================================================================================
DAG File Processing Stats

File Path                     PID    Runtime      # DAGs    # Errors  Last Runtime    Last Run
----------------------------  -----  ---------  --------  ----------  --------------  -------------------
/opt/airflow/dags/pitcher.py                           0           1  0.05s           2025-04-17T14:23:38
/opt/airflow/dags/hitter.py                            1           0  0.11s           2025-04-17T14:23:41
================================================================================
[2025-04-17T14:24:15.722+0000] {manager.py:854} INFO - 
================================================================================
DAG File Processing Stats

File Path                     PID    Runtime      # DAGs    # Errors  Last Runtime    Last Run
----------------------------  -----  ---------  --------  ----------  --------------  -------------------
/opt/airflow/dags/pitcher.py                           0           1  0.06s           2025-04-17T14:24:08
/opt/airflow/dags/hitter.py                            1           0  0.07s           2025-04-17T14:24:11
================================================================================
[2025-04-17T14:24:45.916+0000] {manager.py:854} INFO - 
================================================================================
DAG File Processing Stats

File Path                     PID    Runtime      # DAGs    # Errors  Last Runtime    Last Run
----------------------------  -----  ---------  --------  ----------  --------------  -------------------
/opt/airflow/dags/pitcher.py                           0           1  0.04s           2025-04-17T14:24:38
/opt/airflow/dags/hitter.py                            1           0  0.07s           2025-04-17T14:24:41
================================================================================
[2025-04-17T14:25:06.040+0000] {manager.py:726} INFO - Searching for files in /opt/airflow/dags
[2025-04-17T14:25:06.048+0000] {manager.py:729} INFO - There are 2 files in /opt/airflow/dags
[2025-04-17T14:25:16.178+0000] {manager.py:854} INFO - 
================================================================================
DAG File Processing Stats

File Path                     PID    Runtime      # DAGs    # Errors  Last Runtime    Last Run
----------------------------  -----  ---------  --------  ----------  --------------  -------------------
/opt/airflow/dags/pitcher.py                           0           1  0.06s           2025-04-17T14:25:09
/opt/airflow/dags/hitter.py                            1           0  0.08s           2025-04-17T14:25:12
================================================================================
[2025-04-17T14:25:46.353+0000] {manager.py:854} INFO - 
================================================================================
DAG File Processing Stats

File Path                     PID    Runtime      # DAGs    # Errors  Last Runtime    Last Run
----------------------------  -----  ---------  --------  ----------  --------------  -------------------
/opt/airflow/dags/pitcher.py                           0           1  0.05s           2025-04-17T14:25:39
/opt/airflow/dags/hitter.py                            1           0  0.14s           2025-04-17T14:25:42
================================================================================
[2025-04-17T14:26:16.568+0000] {manager.py:854} INFO - 
================================================================================
DAG File Processing Stats

File Path                     PID    Runtime      # DAGs    # Errors  Last Runtime    Last Run
----------------------------  -----  ---------  --------  ----------  --------------  -------------------
/opt/airflow/dags/pitcher.py                           0           1  0.04s           2025-04-17T14:26:09
/opt/airflow/dags/hitter.py                            1           0  0.07s           2025-04-17T14:26:12
================================================================================
[2025-04-17T14:26:47.658+0000] {manager.py:854} INFO - 
================================================================================
DAG File Processing Stats

File Path                     PID    Runtime      # DAGs    # Errors  Last Runtime    Last Run
----------------------------  -----  ---------  --------  ----------  --------------  -------------------
/opt/airflow/dags/pitcher.py                           0           1  0.05s           2025-04-17T14:26:39
/opt/airflow/dags/hitter.py                            1           0  0.09s           2025-04-17T14:26:42
================================================================================
[2025-04-17T14:27:17.899+0000] {manager.py:854} INFO - 
================================================================================
DAG File Processing Stats

File Path                     PID    Runtime      # DAGs    # Errors  Last Runtime    Last Run
----------------------------  -----  ---------  --------  ----------  --------------  -------------------
/opt/airflow/dags/pitcher.py                           0           1  0.08s           2025-04-17T14:27:09
/opt/airflow/dags/hitter.py                            1           0  0.07s           2025-04-17T14:27:12
================================================================================
[2025-04-17T14:35:57.654+0000] {manager.py:726} INFO - Searching for files in /opt/airflow/dags
[2025-04-17T14:35:57.663+0000] {manager.py:729} INFO - There are 2 files in /opt/airflow/dags
[2025-04-17T14:35:58.814+0000] {manager.py:854} INFO - 
================================================================================
DAG File Processing Stats

File Path                     PID    Runtime      # DAGs    # Errors  Last Runtime    Last Run
----------------------------  -----  ---------  --------  ----------  --------------  -------------------
/opt/airflow/dags/pitcher.py                           0           1  0.14s           2025-04-17T14:35:57
/opt/airflow/dags/hitter.py                            1           0  0.16s           2025-04-17T14:35:57
================================================================================
[2025-04-17T14:36:29.473+0000] {manager.py:854} INFO - 
================================================================================
DAG File Processing Stats

File Path                     PID    Runtime      # DAGs    # Errors  Last Runtime    Last Run
----------------------------  -----  ---------  --------  ----------  --------------  -------------------
/opt/airflow/dags/pitcher.py                           0           1  0.06s           2025-04-17T14:36:28
/opt/airflow/dags/hitter.py                            1           0  0.10s           2025-04-17T14:36:02
================================================================================
